
INFO Selected: Output dir: /home/dongbiao/word_embedding_microbiome/programe_test/dietary_fber/data/picrust2/intermediate/place_seqs_bac/epa_out/
INFO Selected: Query file: /home/dongbiao/word_embedding_microbiome/programe_test/dietary_fber/data/picrust2/intermediate/place_seqs_bac/study_seqs_hmmalign.fasta
INFO Selected: Tree file: /home/yemai/picrust2/picrust2-2.6.2/picrust2/default_files/bacteria/bac_ref/bac_ref.tre
INFO Selected: Reference MSA: /home/dongbiao/word_embedding_microbiome/programe_test/dietary_fber/data/picrust2/intermediate/place_seqs_bac/ref_seqs_hmmalign.fasta
INFO Selected: Filtering by accumulated threshold: 0.99
INFO Selected: Maximum number of placements per query: 100
INFO Selected: Automatic switching of use of per rate scalers
INFO Selected: Preserving the root of the input tree
INFO Selected: Specified model file: /home/yemai/picrust2/picrust2-2.6.2/picrust2/default_files/bacteria/bac_ref/bac_ref.model
INFO Selected: Reading queries in chunks of: 5000
INFO Selected: Using threads: 28
INFO     ______ ____   ___           _   __ ______
        / ____// __ \ /   |         / | / // ____/
       / __/  / /_/ // /| | ______ /  |/ // / __  
      / /___ / ____// ___ |/_____// /|  // /_/ /  
     /_____//_/    /_/  |_|      /_/ |_/ \____/ (v0.3.8)
INFO Using model parameters:
INFO    Rate heterogeneity: GAMMA (4 cats, mean),  alpha: 0.408013 (user),  weights&rates: (0.25,0.0178872) (0.25,0.187716) (0.25,0.739808) (0.25,3.05459) 
        Base frequencies (user): 0.209289 0.232667 0.311531 0.246513 
        Substitution rates (user): 1.04872 2.92815 1.63887 0.831209 3.68952 1
INFO Output file: /home/dongbiao/word_embedding_microbiome/programe_test/dietary_fber/data/picrust2/intermediate/place_seqs_bac/epa_out/epa_result.jplace
INFO 3584 Sequences done!
INFO Time spent placing: 58s
INFO Elapsed Time: 79s

                                              ....      ....  
                                             '' '||.   .||'   
                                                  ||  ||      
                                                  '|.|'       
     ...'   ....   ... ...  ... ...   ....        .|'|.       
    |  ||  '' .||   ||'  ||  ||'  || '' .||      .|'  ||      
     |''   .|' ||   ||    |  ||    | .|' ||     .|'|.  ||     
    '....  '|..'|'. ||...'   ||...'  '|..'|.    '||'    ||:.  
    '....'          ||       ||                               
                   ''''     ''''   v0.9.0 (c) 2017-2025
                                   by Lucas Czech and Pierre Barbera

Invocation:                        gappa examine graft --jplace-path /home/dongbiao/word_embedding_microbiome/programe_test/dietary_fber/data/picrust2/intermediate/place_seqs_bac/epa_out/epa_result_parsed.jplace --fully-resolve --out-dir /home/dongbiao/word_embedding_microbiome/programe_test/dietary_fber/data/picrust2/intermediate/place_seqs_bac/epa_out
Command:                           gappa examine graft

Input:
  --jplace-path                    /home/dongbiao/word_embedding_microbiome/programe_test/dietary_fber/data/picrust2/intermediate/place_seqs_bac/epa_out/epa_result_parsed.jplace

Settings:
  --fully-resolve                  true
  --name-prefix

Output:
  --out-dir                        /home/dongbiao/word_embedding_microbiome/programe_test/dietary_fber/data/picrust2/intermediate/place_seqs_bac/epa_out
  --file-prefix                    
  --file-suffix

Newick Tree Output:
  --newick-tree-quote-invalid-chars
                                   false

Global Options:
  --allow-file-overwriting         false
  --verbose                        false
  --threads                        14
  --log-file

Run the following command to get the references that need to be cited:
`gappa tools citation Czech2020-genesis-and-gappa`

Started 2025-10-24 15:52:12

Found 1 jplace file

Finished 2025-10-24 15:52:13



INFO Selected: Output dir: /home/dongbiao/word_embedding_microbiome/programe_test/dietary_fber/data/picrust2/intermediate/place_seqs_arc/epa_out/
INFO Selected: Query file: /home/dongbiao/word_embedding_microbiome/programe_test/dietary_fber/data/picrust2/intermediate/place_seqs_arc/study_seqs_hmmalign.fasta
INFO Selected: Tree file: /home/yemai/picrust2/picrust2-2.6.2/picrust2/default_files/archaea/arc_ref/arc_ref.tre
INFO Selected: Reference MSA: /home/dongbiao/word_embedding_microbiome/programe_test/dietary_fber/data/picrust2/intermediate/place_seqs_arc/ref_seqs_hmmalign.fasta
INFO Selected: Filtering by accumulated threshold: 0.99
INFO Selected: Maximum number of placements per query: 100
INFO Selected: Automatic switching of use of per rate scalers
INFO Selected: Preserving the root of the input tree
INFO Selected: Specified model file: /home/yemai/picrust2/picrust2-2.6.2/picrust2/default_files/archaea/arc_ref/arc_ref.model
INFO Selected: Reading queries in chunks of: 5000
INFO Selected: Using threads: 28
INFO     ______ ____   ___           _   __ ______
        / ____// __ \ /   |         / | / // ____/
       / __/  / /_/ // /| | ______ /  |/ // / __  
      / /___ / ____// ___ |/_____// /|  // /_/ /  
     /_____//_/    /_/  |_|      /_/ |_/ \____/ (v0.3.8)
INFO Using model parameters:
INFO    Rate heterogeneity: GAMMA (4 cats, mean),  alpha: 0.509646 (user),  weights&rates: (0.25,0.0351892) (0.25,0.258166) (0.25,0.827162) (0.25,2.87948) 
        Base frequencies (user): 0.224411 0.252166 0.284495 0.238928 
        Substitution rates (user): 1.16611 4.36836 1.83214 1.0193 5.96274 1
INFO Output file: /home/dongbiao/word_embedding_microbiome/programe_test/dietary_fber/data/picrust2/intermediate/place_seqs_arc/epa_out/epa_result.jplace
INFO 3584 Sequences done!
INFO Time spent placing: 1s
INFO Elapsed Time: 2s

                                              ....      ....  
                                             '' '||.   .||'   
                                                  ||  ||      
                                                  '|.|'       
     ...'   ....   ... ...  ... ...   ....        .|'|.       
    |  ||  '' .||   ||'  ||  ||'  || '' .||      .|'  ||      
     |''   .|' ||   ||    |  ||    | .|' ||     .|'|.  ||     
    '....  '|..'|'. ||...'   ||...'  '|..'|.    '||'    ||:.  
    '....'          ||       ||                               
                   ''''     ''''   v0.9.0 (c) 2017-2025
                                   by Lucas Czech and Pierre Barbera

Invocation:                        gappa examine graft --jplace-path /home/dongbiao/word_embedding_microbiome/programe_test/dietary_fber/data/picrust2/intermediate/place_seqs_arc/epa_out/epa_result_parsed.jplace --fully-resolve --out-dir /home/dongbiao/word_embedding_microbiome/programe_test/dietary_fber/data/picrust2/intermediate/place_seqs_arc/epa_out
Command:                           gappa examine graft

Input:
  --jplace-path                    /home/dongbiao/word_embedding_microbiome/programe_test/dietary_fber/data/picrust2/intermediate/place_seqs_arc/epa_out/epa_result_parsed.jplace

Settings:
  --fully-resolve                  true
  --name-prefix

Output:
  --out-dir                        /home/dongbiao/word_embedding_microbiome/programe_test/dietary_fber/data/picrust2/intermediate/place_seqs_arc/epa_out
  --file-prefix                    
  --file-suffix

Newick Tree Output:
  --newick-tree-quote-invalid-chars
                                   false

Global Options:
  --allow-file-overwriting         false
  --verbose                        false
  --threads                        14
  --log-file

Run the following command to get the references that need to be cited:
`gappa tools citation Czech2020-genesis-and-gappa`

Started 2025-10-24 16:01:34

Found 1 jplace file

Finished 2025-10-24 16:01:34























































