Rejected 9813 READS because of filtering out non-biological READS
Read 9813 spots for ../../data/projects/PRJEB2165/sra/ERR012016/ERR012016.sra
Written 9813 spots for ../../data/projects/PRJEB2165/sra/ERR012016/ERR012016.sra
Rejected 9592 READS because of filtering out non-biological READS
Read 9592 spots for ../../data/projects/PRJEB2165/sra/ERR012017/ERR012017.sra
Written 9592 spots for ../../data/projects/PRJEB2165/sra/ERR012017/ERR012017.sra
Rejected 11456 READS because of filtering out non-biological READS
Read 11456 spots for ../../data/projects/PRJEB2165/sra/ERR012018/ERR012018.sra
Written 11456 spots for ../../data/projects/PRJEB2165/sra/ERR012018/ERR012018.sra
Rejected 10289 READS because of filtering out non-biological READS
Read 10289 spots for ../../data/projects/PRJEB2165/sra/ERR012019/ERR012019.sra
Written 10289 spots for ../../data/projects/PRJEB2165/sra/ERR012019/ERR012019.sra
Rejected 10001 READS because of filtering out non-biological READS
Read 10001 spots for ../../data/projects/PRJEB2165/sra/ERR012020/ERR012020.sra
Written 10001 spots for ../../data/projects/PRJEB2165/sra/ERR012020/ERR012020.sra
Rejected 15361 READS because of filtering out non-biological READS
Read 15361 spots for ../../data/projects/PRJEB2165/sra/ERR012021/ERR012021.sra
Written 15361 spots for ../../data/projects/PRJEB2165/sra/ERR012021/ERR012021.sra
Rejected 13476 READS because of filtering out non-biological READS
Read 13476 spots for ../../data/projects/PRJEB2165/sra/ERR012022/ERR012022.sra
Written 13476 spots for ../../data/projects/PRJEB2165/sra/ERR012022/ERR012022.sra
Rejected 13082 READS because of filtering out non-biological READS
Read 13082 spots for ../../data/projects/PRJEB2165/sra/ERR012023/ERR012023.sra
Written 13082 spots for ../../data/projects/PRJEB2165/sra/ERR012023/ERR012023.sra
Rejected 7016 READS because of filtering out non-biological READS
Read 7016 spots for ../../data/projects/PRJEB2165/sra/ERR012024/ERR012024.sra
Written 7016 spots for ../../data/projects/PRJEB2165/sra/ERR012024/ERR012024.sra
Rejected 13905 READS because of filtering out non-biological READS
Read 13905 spots for ../../data/projects/PRJEB2165/sra/ERR012026/ERR012026.sra
Written 13905 spots for ../../data/projects/PRJEB2165/sra/ERR012026/ERR012026.sra
Rejected 14776 READS because of filtering out non-biological READS
Read 14776 spots for ../../data/projects/PRJEB2165/sra/ERR012027/ERR012027.sra
Written 14776 spots for ../../data/projects/PRJEB2165/sra/ERR012027/ERR012027.sra
Rejected 11556 READS because of filtering out non-biological READS
Read 11556 spots for ../../data/projects/PRJEB2165/sra/ERR012028/ERR012028.sra
Written 11556 spots for ../../data/projects/PRJEB2165/sra/ERR012028/ERR012028.sra
Rejected 17145 READS because of filtering out non-biological READS
Read 17145 spots for ../../data/projects/PRJEB2165/sra/ERR012029/ERR012029.sra
Written 17145 spots for ../../data/projects/PRJEB2165/sra/ERR012029/ERR012029.sra
Rejected 14927 READS because of filtering out non-biological READS
Read 14927 spots for ../../data/projects/PRJEB2165/sra/ERR012030/ERR012030.sra
Written 14927 spots for ../../data/projects/PRJEB2165/sra/ERR012030/ERR012030.sra
Rejected 7846 READS because of filtering out non-biological READS
Read 7846 spots for ../../data/projects/PRJEB2165/sra/ERR012031/ERR012031.sra
Written 7846 spots for ../../data/projects/PRJEB2165/sra/ERR012031/ERR012031.sra
Rejected 2001 READS because of filtering out non-biological READS
Read 2001 spots for ../../data/projects/PRJEB2165/sra/ERR012032/ERR012032.sra
Written 2001 spots for ../../data/projects/PRJEB2165/sra/ERR012032/ERR012032.sra
Rejected 4004 READS because of filtering out non-biological READS
Read 4004 spots for ../../data/projects/PRJEB2165/sra/ERR012033/ERR012033.sra
Written 4004 spots for ../../data/projects/PRJEB2165/sra/ERR012033/ERR012033.sra
Rejected 10543 READS because of filtering out non-biological READS
Read 10543 spots for ../../data/projects/PRJEB2165/sra/ERR012034/ERR012034.sra
Written 10543 spots for ../../data/projects/PRJEB2165/sra/ERR012034/ERR012034.sra
Rejected 10196 READS because of filtering out non-biological READS
Read 10196 spots for ../../data/projects/PRJEB2165/sra/ERR012035/ERR012035.sra
Written 10196 spots for ../../data/projects/PRJEB2165/sra/ERR012035/ERR012035.sra
Rejected 3119 READS because of filtering out non-biological READS
Read 3119 spots for ../../data/projects/PRJEB2165/sra/ERR012036/ERR012036.sra
Written 3119 spots for ../../data/projects/PRJEB2165/sra/ERR012036/ERR012036.sra
Rejected 3753 READS because of filtering out non-biological READS
Read 3753 spots for ../../data/projects/PRJEB2165/sra/ERR012037/ERR012037.sra
Written 3753 spots for ../../data/projects/PRJEB2165/sra/ERR012037/ERR012037.sra
Rejected 8785 READS because of filtering out non-biological READS
Read 8785 spots for ../../data/projects/PRJEB2165/sra/ERR012038/ERR012038.sra
Written 8785 spots for ../../data/projects/PRJEB2165/sra/ERR012038/ERR012038.sra
Rejected 15409 READS because of filtering out non-biological READS
Read 15409 spots for ../../data/projects/PRJEB2165/sra/ERR012039/ERR012039.sra
Written 15409 spots for ../../data/projects/PRJEB2165/sra/ERR012039/ERR012039.sra
Rejected 12453 READS because of filtering out non-biological READS
Read 12453 spots for ../../data/projects/PRJEB2165/sra/ERR012040/ERR012040.sra
Written 12453 spots for ../../data/projects/PRJEB2165/sra/ERR012040/ERR012040.sra
Rejected 13941 READS because of filtering out non-biological READS
Read 13941 spots for ../../data/projects/PRJEB2165/sra/ERR012041/ERR012041.sra
Written 13941 spots for ../../data/projects/PRJEB2165/sra/ERR012041/ERR012041.sra
Rejected 11275 READS because of filtering out non-biological READS
Read 11275 spots for ../../data/projects/PRJEB2165/sra/ERR012042/ERR012042.sra
Written 11275 spots for ../../data/projects/PRJEB2165/sra/ERR012042/ERR012042.sra
Rejected 11437 READS because of filtering out non-biological READS
Read 11437 spots for ../../data/projects/PRJEB2165/sra/ERR012043/ERR012043.sra
Written 11437 spots for ../../data/projects/PRJEB2165/sra/ERR012043/ERR012043.sra
Rejected 13758 READS because of filtering out non-biological READS
Read 13758 spots for ../../data/projects/PRJEB2165/sra/ERR012044/ERR012044.sra
Written 13758 spots for ../../data/projects/PRJEB2165/sra/ERR012044/ERR012044.sra
Rejected 12173 READS because of filtering out non-biological READS
Read 12173 spots for ../../data/projects/PRJEB2165/sra/ERR012045/ERR012045.sra
Written 12173 spots for ../../data/projects/PRJEB2165/sra/ERR012045/ERR012045.sra
Rejected 9424 READS because of filtering out non-biological READS
Read 9424 spots for ../../data/projects/PRJEB2165/sra/ERR012046/ERR012046.sra
Written 9424 spots for ../../data/projects/PRJEB2165/sra/ERR012046/ERR012046.sra
Rejected 6431 READS because of filtering out non-biological READS
Read 6431 spots for ../../data/projects/PRJEB2165/sra/ERR012047/ERR012047.sra
Written 6431 spots for ../../data/projects/PRJEB2165/sra/ERR012047/ERR012047.sra
Rejected 11456 READS because of filtering out non-biological READS
Read 11456 spots for ../../data/projects/PRJEB2165/sra/ERR012048/ERR012048.sra
Written 11456 spots for ../../data/projects/PRJEB2165/sra/ERR012048/ERR012048.sra
Rejected 12853 READS because of filtering out non-biological READS
Read 12853 spots for ../../data/projects/PRJEB2165/sra/ERR012049/ERR012049.sra
Written 12853 spots for ../../data/projects/PRJEB2165/sra/ERR012049/ERR012049.sra
Rejected 17325 READS because of filtering out non-biological READS
Read 17325 spots for ../../data/projects/PRJEB2165/sra/ERR012050/ERR012050.sra
Written 17325 spots for ../../data/projects/PRJEB2165/sra/ERR012050/ERR012050.sra
Rejected 11234 READS because of filtering out non-biological READS
Read 11234 spots for ../../data/projects/PRJEB2165/sra/ERR012051/ERR012051.sra
Written 11234 spots for ../../data/projects/PRJEB2165/sra/ERR012051/ERR012051.sra
Rejected 12925 READS because of filtering out non-biological READS
Read 12925 spots for ../../data/projects/PRJEB2165/sra/ERR012052/ERR012052.sra
Written 12925 spots for ../../data/projects/PRJEB2165/sra/ERR012052/ERR012052.sra
Rejected 16605 READS because of filtering out non-biological READS
Read 16605 spots for ../../data/projects/PRJEB2165/sra/ERR012053/ERR012053.sra
Written 16605 spots for ../../data/projects/PRJEB2165/sra/ERR012053/ERR012053.sra
Rejected 2787 READS because of filtering out non-biological READS
Read 2787 spots for ../../data/projects/PRJEB2165/sra/ERR012054/ERR012054.sra
Written 2787 spots for ../../data/projects/PRJEB2165/sra/ERR012054/ERR012054.sra
Rejected 10084 READS because of filtering out non-biological READS
Read 10084 spots for ../../data/projects/PRJEB2165/sra/ERR012055/ERR012055.sra
Written 10084 spots for ../../data/projects/PRJEB2165/sra/ERR012055/ERR012055.sra
Rejected 9941 READS because of filtering out non-biological READS
Read 9941 spots for ../../data/projects/PRJEB2165/sra/ERR012056/ERR012056.sra
Written 9941 spots for ../../data/projects/PRJEB2165/sra/ERR012056/ERR012056.sra
Rejected 13152 READS because of filtering out non-biological READS
Read 13152 spots for ../../data/projects/PRJEB2165/sra/ERR012057/ERR012057.sra
Written 13152 spots for ../../data/projects/PRJEB2165/sra/ERR012057/ERR012057.sra
Rejected 10873 READS because of filtering out non-biological READS
Read 10873 spots for ../../data/projects/PRJEB2165/sra/ERR012058/ERR012058.sra
Written 10873 spots for ../../data/projects/PRJEB2165/sra/ERR012058/ERR012058.sra
Rejected 11667 READS because of filtering out non-biological READS
Read 11667 spots for ../../data/projects/PRJEB2165/sra/ERR012059/ERR012059.sra
Written 11667 spots for ../../data/projects/PRJEB2165/sra/ERR012059/ERR012059.sra
Rejected 9180 READS because of filtering out non-biological READS
Read 9180 spots for ../../data/projects/PRJEB2165/sra/ERR012060/ERR012060.sra
Written 9180 spots for ../../data/projects/PRJEB2165/sra/ERR012060/ERR012060.sra
Rejected 14689 READS because of filtering out non-biological READS
Read 14689 spots for ../../data/projects/PRJEB2165/sra/ERR012061/ERR012061.sra
Written 14689 spots for ../../data/projects/PRJEB2165/sra/ERR012061/ERR012061.sra
Rejected 13905 READS because of filtering out non-biological READS
Read 13905 spots for ../../data/projects/PRJEB2165/sra/ERR012062/ERR012062.sra
Written 13905 spots for ../../data/projects/PRJEB2165/sra/ERR012062/ERR012062.sra
Rejected 12046 READS because of filtering out non-biological READS
Read 12046 spots for ../../data/projects/PRJEB2165/sra/ERR012063/ERR012063.sra
Written 12046 spots for ../../data/projects/PRJEB2165/sra/ERR012063/ERR012063.sra
Rejected 6981 READS because of filtering out non-biological READS
Read 6981 spots for ../../data/projects/PRJEB2165/sra/ERR012064/ERR012064.sra
Written 6981 spots for ../../data/projects/PRJEB2165/sra/ERR012064/ERR012064.sra
Rejected 10913 READS because of filtering out non-biological READS
Read 10913 spots for ../../data/projects/PRJEB2165/sra/ERR012065/ERR012065.sra
Written 10913 spots for ../../data/projects/PRJEB2165/sra/ERR012065/ERR012065.sra
Rejected 15117 READS because of filtering out non-biological READS
Read 15117 spots for ../../data/projects/PRJEB2165/sra/ERR012066/ERR012066.sra
Written 15117 spots for ../../data/projects/PRJEB2165/sra/ERR012066/ERR012066.sra
Rejected 10171 READS because of filtering out non-biological READS
Read 10171 spots for ../../data/projects/PRJEB2165/sra/ERR012067/ERR012067.sra
Written 10171 spots for ../../data/projects/PRJEB2165/sra/ERR012067/ERR012067.sra
Rejected 9200 READS because of filtering out non-biological READS
Read 9200 spots for ../../data/projects/PRJEB2165/sra/ERR012068/ERR012068.sra
Written 9200 spots for ../../data/projects/PRJEB2165/sra/ERR012068/ERR012068.sra
Rejected 5522 READS because of filtering out non-biological READS
Read 5522 spots for ../../data/projects/PRJEB2165/sra/ERR012069/ERR012069.sra
Written 5522 spots for ../../data/projects/PRJEB2165/sra/ERR012069/ERR012069.sra
Rejected 12373 READS because of filtering out non-biological READS
Read 12373 spots for ../../data/projects/PRJEB2165/sra/ERR012070/ERR012070.sra
Written 12373 spots for ../../data/projects/PRJEB2165/sra/ERR012070/ERR012070.sra
Rejected 11664 READS because of filtering out non-biological READS
Read 11664 spots for ../../data/projects/PRJEB2165/sra/ERR012071/ERR012071.sra
Written 11664 spots for ../../data/projects/PRJEB2165/sra/ERR012071/ERR012071.sra
Rejected 14164 READS because of filtering out non-biological READS
Read 14164 spots for ../../data/projects/PRJEB2165/sra/ERR012072/ERR012072.sra
Written 14164 spots for ../../data/projects/PRJEB2165/sra/ERR012072/ERR012072.sra
Rejected 9447 READS because of filtering out non-biological READS
Read 9447 spots for ../../data/projects/PRJEB2165/sra/ERR012073/ERR012073.sra
Written 9447 spots for ../../data/projects/PRJEB2165/sra/ERR012073/ERR012073.sra
Rejected 8416 READS because of filtering out non-biological READS
Read 8416 spots for ../../data/projects/PRJEB2165/sra/ERR012074/ERR012074.sra
Written 8416 spots for ../../data/projects/PRJEB2165/sra/ERR012074/ERR012074.sra
Rejected 19049 READS because of filtering out non-biological READS
Read 19049 spots for ../../data/projects/PRJEB2165/sra/ERR012075/ERR012075.sra
Written 19049 spots for ../../data/projects/PRJEB2165/sra/ERR012075/ERR012075.sra
Rejected 12701 READS because of filtering out non-biological READS
Read 12701 spots for ../../data/projects/PRJEB2165/sra/ERR012076/ERR012076.sra
Written 12701 spots for ../../data/projects/PRJEB2165/sra/ERR012076/ERR012076.sra
Rejected 9259 READS because of filtering out non-biological READS
Read 9259 spots for ../../data/projects/PRJEB2165/sra/ERR012077/ERR012077.sra
Written 9259 spots for ../../data/projects/PRJEB2165/sra/ERR012077/ERR012077.sra
Rejected 8944 READS because of filtering out non-biological READS
Read 8944 spots for ../../data/projects/PRJEB2165/sra/ERR012078/ERR012078.sra
Written 8944 spots for ../../data/projects/PRJEB2165/sra/ERR012078/ERR012078.sra
Rejected 4987 READS because of filtering out non-biological READS
Read 4987 spots for ../../data/projects/PRJEB2165/sra/ERR012079/ERR012079.sra
Written 4987 spots for ../../data/projects/PRJEB2165/sra/ERR012079/ERR012079.sra
Rejected 15036 READS because of filtering out non-biological READS
Read 15036 spots for ../../data/projects/PRJEB2165/sra/ERR012080/ERR012080.sra
Written 15036 spots for ../../data/projects/PRJEB2165/sra/ERR012080/ERR012080.sra
Rejected 3079 READS because of filtering out non-biological READS
Read 3079 spots for ../../data/projects/PRJEB2165/sra/ERR012081/ERR012081.sra
Written 3079 spots for ../../data/projects/PRJEB2165/sra/ERR012081/ERR012081.sra
Rejected 6844 READS because of filtering out non-biological READS
Read 6844 spots for ../../data/projects/PRJEB2165/sra/ERR012082/ERR012082.sra
Written 6844 spots for ../../data/projects/PRJEB2165/sra/ERR012082/ERR012082.sra
Rejected 2621 READS because of filtering out non-biological READS
Read 2621 spots for ../../data/projects/PRJEB2165/sra/ERR012083/ERR012083.sra
Written 2621 spots for ../../data/projects/PRJEB2165/sra/ERR012083/ERR012083.sra
Rejected 14776 READS because of filtering out non-biological READS
Read 14776 spots for ../../data/projects/PRJEB2165/sra/ERR012084/ERR012084.sra
Written 14776 spots for ../../data/projects/PRJEB2165/sra/ERR012084/ERR012084.sra
Rejected 9815 READS because of filtering out non-biological READS
Read 9815 spots for ../../data/projects/PRJEB2165/sra/ERR012085/ERR012085.sra
Written 9815 spots for ../../data/projects/PRJEB2165/sra/ERR012085/ERR012085.sra
Rejected 9902 READS because of filtering out non-biological READS
Read 9902 spots for ../../data/projects/PRJEB2165/sra/ERR012086/ERR012086.sra
Written 9902 spots for ../../data/projects/PRJEB2165/sra/ERR012086/ERR012086.sra
Rejected 1727 READS because of filtering out non-biological READS
Read 1727 spots for ../../data/projects/PRJEB2165/sra/ERR012087/ERR012087.sra
Written 1727 spots for ../../data/projects/PRJEB2165/sra/ERR012087/ERR012087.sra
Rejected 11053 READS because of filtering out non-biological READS
Read 11053 spots for ../../data/projects/PRJEB2165/sra/ERR012088/ERR012088.sra
Written 11053 spots for ../../data/projects/PRJEB2165/sra/ERR012088/ERR012088.sra
Rejected 10416 READS because of filtering out non-biological READS
Read 10416 spots for ../../data/projects/PRJEB2165/sra/ERR012089/ERR012089.sra
Written 10416 spots for ../../data/projects/PRJEB2165/sra/ERR012089/ERR012089.sra
Rejected 3375 READS because of filtering out non-biological READS
Read 3375 spots for ../../data/projects/PRJEB2165/sra/ERR012090/ERR012090.sra
Written 3375 spots for ../../data/projects/PRJEB2165/sra/ERR012090/ERR012090.sra
Rejected 9026 READS because of filtering out non-biological READS
Read 9026 spots for ../../data/projects/PRJEB2165/sra/ERR012091/ERR012091.sra
Written 9026 spots for ../../data/projects/PRJEB2165/sra/ERR012091/ERR012091.sra
[1] ‘1.16.0’
[1] "Thu Oct 23 21:08:14 2025 Filtering..."
[1] "Thu Oct 23 21:08:41 2025 Building forward error model..."
105415644 total bases in 263450 reads from 25 samples will be used for learning the error rates.
[1] "Thu Oct 23 21:16:54 2025 Plotting error models..."
null device 
          1 
Processing: ERR012016 
Sample 1 - 9785 reads in 7693 unique sequences.
Processing: ERR012017 
Sample 1 - 9544 reads in 8761 unique sequences.
Processing: ERR012018 
Sample 1 - 11413 reads in 10136 unique sequences.
Processing: ERR012019 
Sample 1 - 10251 reads in 9451 unique sequences.
Processing: ERR012020 
Sample 1 - 9948 reads in 9145 unique sequences.
Processing: ERR012021 
Sample 1 - 15278 reads in 12829 unique sequences.
Processing: ERR012022 
Sample 1 - 13428 reads in 9906 unique sequences.
Processing: ERR012023 
Sample 1 - 13053 reads in 12038 unique sequences.
Processing: ERR012024 
Sample 1 - 6993 reads in 6579 unique sequences.
Processing: ERR012026 
Sample 1 - 13855 reads in 10649 unique sequences.
Processing: ERR012027 
Sample 1 - 14731 reads in 10249 unique sequences.
Processing: ERR012028 
Sample 1 - 11510 reads in 9449 unique sequences.
Processing: ERR012029 
Sample 1 - 17102 reads in 14668 unique sequences.
Processing: ERR012030 
Sample 1 - 14876 reads in 11002 unique sequences.
Processing: ERR012031 
Sample 1 - 7807 reads in 7334 unique sequences.
Processing: ERR012032 
Sample 1 - 1994 reads in 1716 unique sequences.
Processing: ERR012033 
Sample 1 - 3990 reads in 3470 unique sequences.
Processing: ERR012034 
Sample 1 - 10493 reads in 7746 unique sequences.
Processing: ERR012035 
Sample 1 - 10137 reads in 7735 unique sequences.
Processing: ERR012036 
Sample 1 - 3112 reads in 2714 unique sequences.
Processing: ERR012037 
Sample 1 - 3724 reads in 3321 unique sequences.
Processing: ERR012038 
Sample 1 - 8766 reads in 7916 unique sequences.
Processing: ERR012039 
Sample 1 - 15376 reads in 14296 unique sequences.
Processing: ERR012040 
Sample 1 - 12429 reads in 9238 unique sequences.
Processing: ERR012041 
Sample 1 - 13855 reads in 12435 unique sequences.
Processing: ERR012042 
Sample 1 - 11226 reads in 8860 unique sequences.
Processing: ERR012043 
Sample 1 - 11370 reads in 9292 unique sequences.
Processing: ERR012044 
Sample 1 - 13681 reads in 12104 unique sequences.
Processing: ERR012045 
Sample 1 - 12104 reads in 10678 unique sequences.
Processing: ERR012046 
Sample 1 - 9397 reads in 8444 unique sequences.
Processing: ERR012047 
Sample 1 - 6424 reads in 4883 unique sequences.
Processing: ERR012048 
Sample 1 - 11413 reads in 10288 unique sequences.
Processing: ERR012049 
Sample 1 - 12793 reads in 11508 unique sequences.
Processing: ERR012050 
Sample 1 - 17283 reads in 16084 unique sequences.
Processing: ERR012051 
Sample 1 - 11190 reads in 9627 unique sequences.
Processing: ERR012052 
Sample 1 - 12904 reads in 9752 unique sequences.
Processing: ERR012053 
Sample 1 - 16548 reads in 11987 unique sequences.
Processing: ERR012054 
Sample 1 - 2773 reads in 2515 unique sequences.
Processing: ERR012055 
Sample 1 - 10053 reads in 8660 unique sequences.
Processing: ERR012056 
Sample 1 - 9920 reads in 9095 unique sequences.
Processing: ERR012057 
Sample 1 - 13104 reads in 10511 unique sequences.
Processing: ERR012058 
Sample 1 - 10841 reads in 9697 unique sequences.
Processing: ERR012059 
Sample 1 - 11617 reads in 9617 unique sequences.
Processing: ERR012060 
Sample 1 - 9142 reads in 8176 unique sequences.
Processing: ERR012061 
Sample 1 - 14647 reads in 11992 unique sequences.
Processing: ERR012062 
Sample 1 - 13890 reads in 12722 unique sequences.
Processing: ERR012063 
Sample 1 - 12012 reads in 9272 unique sequences.
Processing: ERR012064 
Sample 1 - 6959 reads in 5572 unique sequences.
Processing: ERR012065 
Sample 1 - 10880 reads in 9710 unique sequences.
Processing: ERR012066 
Sample 1 - 15016 reads in 9754 unique sequences.
Processing: ERR012067 
Sample 1 - 10146 reads in 7502 unique sequences.
Processing: ERR012068 
Sample 1 - 9165 reads in 8311 unique sequences.
Processing: ERR012069 
Sample 1 - 5505 reads in 4472 unique sequences.
Processing: ERR012070 
Sample 1 - 12336 reads in 9967 unique sequences.
Processing: ERR012071 
Sample 1 - 11643 reads in 10552 unique sequences.
Processing: ERR012072 
Sample 1 - 14098 reads in 12354 unique sequences.
Processing: ERR012073 
Sample 1 - 9401 reads in 8467 unique sequences.
Processing: ERR012074 
Sample 1 - 8385 reads in 7806 unique sequences.
Processing: ERR012075 
Sample 1 - 18977 reads in 13275 unique sequences.
Processing: ERR012076 
Sample 1 - 12664 reads in 9583 unique sequences.
Processing: ERR012077 
Sample 1 - 9228 reads in 7252 unique sequences.
Processing: ERR012078 
Sample 1 - 8916 reads in 7632 unique sequences.
Processing: ERR012079 
Sample 1 - 4961 reads in 4268 unique sequences.
Processing: ERR012080 
Sample 1 - 14992 reads in 12775 unique sequences.
Processing: ERR012081 
Sample 1 - 3066 reads in 2677 unique sequences.
Processing: ERR012082 
Sample 1 - 6805 reads in 6536 unique sequences.
Processing: ERR012083 
Sample 1 - 2607 reads in 2298 unique sequences.
Processing: ERR012084 
Sample 1 - 14721 reads in 10043 unique sequences.
Processing: ERR012085 
Sample 1 - 9787 reads in 7565 unique sequences.
Processing: ERR012086 
Sample 1 - 9875 reads in 7864 unique sequences.
Processing: ERR012087 
Sample 1 - 1724 reads in 1434 unique sequences.
Processing: ERR012088 
Sample 1 - 10991 reads in 9951 unique sequences.
Processing: ERR012089 
Sample 1 - 10363 reads in 7472 unique sequences.
Processing: ERR012090 
Sample 1 - 3361 reads in 2683 unique sequences.
Processing: ERR012091 
Sample 1 - 9007 reads in 7920 unique sequences.
[1] "Thu Oct 23 21:21:24 2025 Removed 11 ASVs for being too short."
[1] "Thu Oct 23 21:21:24 2025 Removing bimeras..."
[1] "Thu Oct 23 21:21:31 2025 Writing ASV table..."
[1] "Thu Oct 23 21:21:31 2025 ASVs recorded."
[1] "Thu Oct 23 21:21:31 2025 Writing output files..."
[1] "Calculating summary stats..."
[1] "Thu Oct 23 21:21:32 2025 Writing summary output..."
[1] "Thu Oct 23 21:21:32 2025 DONE!!!"
