Read 43398 spots for ../../data/projects/PRJNA306884/sra/SRR3053238/SRR3053238.sra
Written 43398 spots for ../../data/projects/PRJNA306884/sra/SRR3053238/SRR3053238.sra
Read 26720 spots for ../../data/projects/PRJNA306884/sra/SRR3053239/SRR3053239.sra
Written 26720 spots for ../../data/projects/PRJNA306884/sra/SRR3053239/SRR3053239.sra
Read 37404 spots for ../../data/projects/PRJNA306884/sra/SRR3053240/SRR3053240.sra
Written 37404 spots for ../../data/projects/PRJNA306884/sra/SRR3053240/SRR3053240.sra
Read 38467 spots for ../../data/projects/PRJNA306884/sra/SRR3053241/SRR3053241.sra
Written 38467 spots for ../../data/projects/PRJNA306884/sra/SRR3053241/SRR3053241.sra
Read 44213 spots for ../../data/projects/PRJNA306884/sra/SRR3053242/SRR3053242.sra
Written 44213 spots for ../../data/projects/PRJNA306884/sra/SRR3053242/SRR3053242.sra
Read 29483 spots for ../../data/projects/PRJNA306884/sra/SRR3053243/SRR3053243.sra
Written 29483 spots for ../../data/projects/PRJNA306884/sra/SRR3053243/SRR3053243.sra
Read 42522 spots for ../../data/projects/PRJNA306884/sra/SRR3053245/SRR3053245.sra
Written 42522 spots for ../../data/projects/PRJNA306884/sra/SRR3053245/SRR3053245.sra
Read 51846 spots for ../../data/projects/PRJNA306884/sra/SRR3053246/SRR3053246.sra
Written 51846 spots for ../../data/projects/PRJNA306884/sra/SRR3053246/SRR3053246.sra
Read 64038 spots for ../../data/projects/PRJNA306884/sra/SRR3053247/SRR3053247.sra
Written 64038 spots for ../../data/projects/PRJNA306884/sra/SRR3053247/SRR3053247.sra
Read 27935 spots for ../../data/projects/PRJNA306884/sra/SRR3053248/SRR3053248.sra
Written 27935 spots for ../../data/projects/PRJNA306884/sra/SRR3053248/SRR3053248.sra
Read 67938 spots for ../../data/projects/PRJNA306884/sra/SRR3053249/SRR3053249.sra
Written 67938 spots for ../../data/projects/PRJNA306884/sra/SRR3053249/SRR3053249.sra
Read 44876 spots for ../../data/projects/PRJNA306884/sra/SRR3053250/SRR3053250.sra
Written 44876 spots for ../../data/projects/PRJNA306884/sra/SRR3053250/SRR3053250.sra
Read 42091 spots for ../../data/projects/PRJNA306884/sra/SRR3053251/SRR3053251.sra
Written 42091 spots for ../../data/projects/PRJNA306884/sra/SRR3053251/SRR3053251.sra
Read 29866 spots for ../../data/projects/PRJNA306884/sra/SRR3053252/SRR3053252.sra
Written 29866 spots for ../../data/projects/PRJNA306884/sra/SRR3053252/SRR3053252.sra
Read 33122 spots for ../../data/projects/PRJNA306884/sra/SRR3053253/SRR3053253.sra
Written 33122 spots for ../../data/projects/PRJNA306884/sra/SRR3053253/SRR3053253.sra
Read 37590 spots for ../../data/projects/PRJNA306884/sra/SRR3053254/SRR3053254.sra
Written 37590 spots for ../../data/projects/PRJNA306884/sra/SRR3053254/SRR3053254.sra
Read 29549 spots for ../../data/projects/PRJNA306884/sra/SRR3053255/SRR3053255.sra
Written 29549 spots for ../../data/projects/PRJNA306884/sra/SRR3053255/SRR3053255.sra
Read 48533 spots for ../../data/projects/PRJNA306884/sra/SRR3053256/SRR3053256.sra
Written 48533 spots for ../../data/projects/PRJNA306884/sra/SRR3053256/SRR3053256.sra
Read 31694 spots for ../../data/projects/PRJNA306884/sra/SRR3053258/SRR3053258.sra
Written 31694 spots for ../../data/projects/PRJNA306884/sra/SRR3053258/SRR3053258.sra
Read 50373 spots for ../../data/projects/PRJNA306884/sra/SRR3053257/SRR3053257.sra
Written 50373 spots for ../../data/projects/PRJNA306884/sra/SRR3053257/SRR3053257.sra
Read 41291 spots for ../../data/projects/PRJNA306884/sra/SRR3053259/SRR3053259.sra
Written 41291 spots for ../../data/projects/PRJNA306884/sra/SRR3053259/SRR3053259.sra
Read 21682 spots for ../../data/projects/PRJNA306884/sra/SRR3053260/SRR3053260.sra
Written 21682 spots for ../../data/projects/PRJNA306884/sra/SRR3053260/SRR3053260.sra
Read 40831 spots for ../../data/projects/PRJNA306884/sra/SRR3053261/SRR3053261.sra
Written 40831 spots for ../../data/projects/PRJNA306884/sra/SRR3053261/SRR3053261.sra
Read 43153 spots for ../../data/projects/PRJNA306884/sra/SRR3053262/SRR3053262.sra
Written 43153 spots for ../../data/projects/PRJNA306884/sra/SRR3053262/SRR3053262.sra
Read 59153 spots for ../../data/projects/PRJNA306884/sra/SRR3053263/SRR3053263.sra
Written 59153 spots for ../../data/projects/PRJNA306884/sra/SRR3053263/SRR3053263.sra
Read 47742 spots for ../../data/projects/PRJNA306884/sra/SRR3053264/SRR3053264.sra
Written 47742 spots for ../../data/projects/PRJNA306884/sra/SRR3053264/SRR3053264.sra
Read 46039 spots for ../../data/projects/PRJNA306884/sra/SRR3053265/SRR3053265.sra
Written 46039 spots for ../../data/projects/PRJNA306884/sra/SRR3053265/SRR3053265.sra
Read 24900 spots for ../../data/projects/PRJNA306884/sra/SRR3053267/SRR3053267.sra
Written 24900 spots for ../../data/projects/PRJNA306884/sra/SRR3053267/SRR3053267.sra
Read 46034 spots for ../../data/projects/PRJNA306884/sra/SRR3053266/SRR3053266.sra
Written 46034 spots for ../../data/projects/PRJNA306884/sra/SRR3053266/SRR3053266.sra
Read 52281 spots for ../../data/projects/PRJNA306884/sra/SRR3053268/SRR3053268.sra
Written 52281 spots for ../../data/projects/PRJNA306884/sra/SRR3053268/SRR3053268.sra
Read 45719 spots for ../../data/projects/PRJNA306884/sra/SRR3053269/SRR3053269.sra
Written 45719 spots for ../../data/projects/PRJNA306884/sra/SRR3053269/SRR3053269.sra
Read 27604 spots for ../../data/projects/PRJNA306884/sra/SRR3053270/SRR3053270.sra
Written 27604 spots for ../../data/projects/PRJNA306884/sra/SRR3053270/SRR3053270.sra
Read 31026 spots for ../../data/projects/PRJNA306884/sra/SRR3053271/SRR3053271.sra
Written 31026 spots for ../../data/projects/PRJNA306884/sra/SRR3053271/SRR3053271.sra
Read 16663 spots for ../../data/projects/PRJNA306884/sra/SRR3053272/SRR3053272.sra
Written 16663 spots for ../../data/projects/PRJNA306884/sra/SRR3053272/SRR3053272.sra
Read 23143 spots for ../../data/projects/PRJNA306884/sra/SRR3053274/SRR3053274.sra
Written 23143 spots for ../../data/projects/PRJNA306884/sra/SRR3053274/SRR3053274.sra
Read 44193 spots for ../../data/projects/PRJNA306884/sra/SRR3053275/SRR3053275.sra
Written 44193 spots for ../../data/projects/PRJNA306884/sra/SRR3053275/SRR3053275.sra
Read 37105 spots for ../../data/projects/PRJNA306884/sra/SRR3053276/SRR3053276.sra
Written 37105 spots for ../../data/projects/PRJNA306884/sra/SRR3053276/SRR3053276.sra
Read 29320 spots for ../../data/projects/PRJNA306884/sra/SRR3053277/SRR3053277.sra
Written 29320 spots for ../../data/projects/PRJNA306884/sra/SRR3053277/SRR3053277.sra
Read 3011 spots for ../../data/projects/PRJNA306884/sra/SRR3053279/SRR3053279.sra
Written 3011 spots for ../../data/projects/PRJNA306884/sra/SRR3053279/SRR3053279.sra
Read 51843 spots for ../../data/projects/PRJNA306884/sra/SRR3053278/SRR3053278.sra
Written 51843 spots for ../../data/projects/PRJNA306884/sra/SRR3053278/SRR3053278.sra
Read 45110 spots for ../../data/projects/PRJNA306884/sra/SRR3053280/SRR3053280.sra
Written 45110 spots for ../../data/projects/PRJNA306884/sra/SRR3053280/SRR3053280.sra
Read 10413 spots for ../../data/projects/PRJNA306884/sra/SRR3053281/SRR3053281.sra
Written 10413 spots for ../../data/projects/PRJNA306884/sra/SRR3053281/SRR3053281.sra
Read 24359 spots for ../../data/projects/PRJNA306884/sra/SRR3053282/SRR3053282.sra
Written 24359 spots for ../../data/projects/PRJNA306884/sra/SRR3053282/SRR3053282.sra
Read 25321 spots for ../../data/projects/PRJNA306884/sra/SRR3053283/SRR3053283.sra
Written 25321 spots for ../../data/projects/PRJNA306884/sra/SRR3053283/SRR3053283.sra
Read 42858 spots for ../../data/projects/PRJNA306884/sra/SRR3053284/SRR3053284.sra
Written 42858 spots for ../../data/projects/PRJNA306884/sra/SRR3053284/SRR3053284.sra
Read 30665 spots for ../../data/projects/PRJNA306884/sra/SRR3053285/SRR3053285.sra
Written 30665 spots for ../../data/projects/PRJNA306884/sra/SRR3053285/SRR3053285.sra
Read 38603 spots for ../../data/projects/PRJNA306884/sra/SRR3053286/SRR3053286.sra
Written 38603 spots for ../../data/projects/PRJNA306884/sra/SRR3053286/SRR3053286.sra
Read 42128 spots for ../../data/projects/PRJNA306884/sra/SRR3053287/SRR3053287.sra
Written 42128 spots for ../../data/projects/PRJNA306884/sra/SRR3053287/SRR3053287.sra
Read 23039 spots for ../../data/projects/PRJNA306884/sra/SRR3053288/SRR3053288.sra
Written 23039 spots for ../../data/projects/PRJNA306884/sra/SRR3053288/SRR3053288.sra
Read 66765 spots for ../../data/projects/PRJNA306884/sra/SRR3053289/SRR3053289.sra
Written 66765 spots for ../../data/projects/PRJNA306884/sra/SRR3053289/SRR3053289.sra
Read 48969 spots for ../../data/projects/PRJNA306884/sra/SRR3053290/SRR3053290.sra
Written 48969 spots for ../../data/projects/PRJNA306884/sra/SRR3053290/SRR3053290.sra
Read 51842 spots for ../../data/projects/PRJNA306884/sra/SRR3053291/SRR3053291.sra
Written 51842 spots for ../../data/projects/PRJNA306884/sra/SRR3053291/SRR3053291.sra
Read 32559 spots for ../../data/projects/PRJNA306884/sra/SRR3053292/SRR3053292.sra
Written 32559 spots for ../../data/projects/PRJNA306884/sra/SRR3053292/SRR3053292.sra
Read 37035 spots for ../../data/projects/PRJNA306884/sra/SRR3053293/SRR3053293.sra
Written 37035 spots for ../../data/projects/PRJNA306884/sra/SRR3053293/SRR3053293.sra
Read 48568 spots for ../../data/projects/PRJNA306884/sra/SRR3053294/SRR3053294.sra
Written 48568 spots for ../../data/projects/PRJNA306884/sra/SRR3053294/SRR3053294.sra
Read 50302 spots for ../../data/projects/PRJNA306884/sra/SRR3053295/SRR3053295.sra
Written 50302 spots for ../../data/projects/PRJNA306884/sra/SRR3053295/SRR3053295.sra
Read 43763 spots for ../../data/projects/PRJNA306884/sra/SRR3053296/SRR3053296.sra
Written 43763 spots for ../../data/projects/PRJNA306884/sra/SRR3053296/SRR3053296.sra
Read 48992 spots for ../../data/projects/PRJNA306884/sra/SRR3053297/SRR3053297.sra
Written 48992 spots for ../../data/projects/PRJNA306884/sra/SRR3053297/SRR3053297.sra
Read 53882 spots for ../../data/projects/PRJNA306884/sra/SRR3053298/SRR3053298.sra
Written 53882 spots for ../../data/projects/PRJNA306884/sra/SRR3053298/SRR3053298.sra
Read 34375 spots for ../../data/projects/PRJNA306884/sra/SRR3053299/SRR3053299.sra
Written 34375 spots for ../../data/projects/PRJNA306884/sra/SRR3053299/SRR3053299.sra
Read 52156 spots for ../../data/projects/PRJNA306884/sra/SRR3053300/SRR3053300.sra
Written 52156 spots for ../../data/projects/PRJNA306884/sra/SRR3053300/SRR3053300.sra
Read 55809 spots for ../../data/projects/PRJNA306884/sra/SRR3053301/SRR3053301.sra
Written 55809 spots for ../../data/projects/PRJNA306884/sra/SRR3053301/SRR3053301.sra
Read 32938 spots for ../../data/projects/PRJNA306884/sra/SRR3053302/SRR3053302.sra
Written 32938 spots for ../../data/projects/PRJNA306884/sra/SRR3053302/SRR3053302.sra
Read 49814 spots for ../../data/projects/PRJNA306884/sra/SRR3053303/SRR3053303.sra
Written 49814 spots for ../../data/projects/PRJNA306884/sra/SRR3053303/SRR3053303.sra
Read 33745 spots for ../../data/projects/PRJNA306884/sra/SRR3053304/SRR3053304.sra
Written 33745 spots for ../../data/projects/PRJNA306884/sra/SRR3053304/SRR3053304.sra
Read 39866 spots for ../../data/projects/PRJNA306884/sra/SRR3053306/SRR3053306.sra
Written 39866 spots for ../../data/projects/PRJNA306884/sra/SRR3053306/SRR3053306.sra
Read 43763 spots for ../../data/projects/PRJNA306884/sra/SRR3053307/SRR3053307.sra
Written 43763 spots for ../../data/projects/PRJNA306884/sra/SRR3053307/SRR3053307.sra
Read 42750 spots for ../../data/projects/PRJNA306884/sra/SRR3053308/SRR3053308.sra
Written 42750 spots for ../../data/projects/PRJNA306884/sra/SRR3053308/SRR3053308.sra
Read 42156 spots for ../../data/projects/PRJNA306884/sra/SRR3053309/SRR3053309.sra
Written 42156 spots for ../../data/projects/PRJNA306884/sra/SRR3053309/SRR3053309.sra
Read 32998 spots for ../../data/projects/PRJNA306884/sra/SRR3053310/SRR3053310.sra
Written 32998 spots for ../../data/projects/PRJNA306884/sra/SRR3053310/SRR3053310.sra
Read 22070 spots for ../../data/projects/PRJNA306884/sra/SRR3053311/SRR3053311.sra
Written 22070 spots for ../../data/projects/PRJNA306884/sra/SRR3053311/SRR3053311.sra
Read 23666 spots for ../../data/projects/PRJNA306884/sra/SRR3053312/SRR3053312.sra
Written 23666 spots for ../../data/projects/PRJNA306884/sra/SRR3053312/SRR3053312.sra
Read 39930 spots for ../../data/projects/PRJNA306884/sra/SRR3053313/SRR3053313.sra
Written 39930 spots for ../../data/projects/PRJNA306884/sra/SRR3053313/SRR3053313.sra
Read 32286 spots for ../../data/projects/PRJNA306884/sra/SRR3053314/SRR3053314.sra
Written 32286 spots for ../../data/projects/PRJNA306884/sra/SRR3053314/SRR3053314.sra
Read 54462 spots for ../../data/projects/PRJNA306884/sra/SRR3053315/SRR3053315.sra
Written 54462 spots for ../../data/projects/PRJNA306884/sra/SRR3053315/SRR3053315.sra
Read 30146 spots for ../../data/projects/PRJNA306884/sra/SRR3053316/SRR3053316.sra
Written 30146 spots for ../../data/projects/PRJNA306884/sra/SRR3053316/SRR3053316.sra
Read 28731 spots for ../../data/projects/PRJNA306884/sra/SRR3053317/SRR3053317.sra
Written 28731 spots for ../../data/projects/PRJNA306884/sra/SRR3053317/SRR3053317.sra
Read 52109 spots for ../../data/projects/PRJNA306884/sra/SRR3053318/SRR3053318.sra
Written 52109 spots for ../../data/projects/PRJNA306884/sra/SRR3053318/SRR3053318.sra
Read 42827 spots for ../../data/projects/PRJNA306884/sra/SRR3053319/SRR3053319.sra
Written 42827 spots for ../../data/projects/PRJNA306884/sra/SRR3053319/SRR3053319.sra
Read 44683 spots for ../../data/projects/PRJNA306884/sra/SRR3053320/SRR3053320.sra
Written 44683 spots for ../../data/projects/PRJNA306884/sra/SRR3053320/SRR3053320.sra
Read 43385 spots for ../../data/projects/PRJNA306884/sra/SRR3053321/SRR3053321.sra
Written 43385 spots for ../../data/projects/PRJNA306884/sra/SRR3053321/SRR3053321.sra
Read 34556 spots for ../../data/projects/PRJNA306884/sra/SRR3053322/SRR3053322.sra
Written 34556 spots for ../../data/projects/PRJNA306884/sra/SRR3053322/SRR3053322.sra
Read 42304 spots for ../../data/projects/PRJNA306884/sra/SRR3053323/SRR3053323.sra
Written 42304 spots for ../../data/projects/PRJNA306884/sra/SRR3053323/SRR3053323.sra
Read 55436 spots for ../../data/projects/PRJNA306884/sra/SRR3053324/SRR3053324.sra
Written 55436 spots for ../../data/projects/PRJNA306884/sra/SRR3053324/SRR3053324.sra
Read 58825 spots for ../../data/projects/PRJNA306884/sra/SRR3053325/SRR3053325.sra
Written 58825 spots for ../../data/projects/PRJNA306884/sra/SRR3053325/SRR3053325.sra
Read 38418 spots for ../../data/projects/PRJNA306884/sra/SRR3053326/SRR3053326.sra
Written 38418 spots for ../../data/projects/PRJNA306884/sra/SRR3053326/SRR3053326.sra
Read 57821 spots for ../../data/projects/PRJNA306884/sra/SRR3053327/SRR3053327.sra
Written 57821 spots for ../../data/projects/PRJNA306884/sra/SRR3053327/SRR3053327.sra
Read 48168 spots for ../../data/projects/PRJNA306884/sra/SRR3053328/SRR3053328.sra
Written 48168 spots for ../../data/projects/PRJNA306884/sra/SRR3053328/SRR3053328.sra
Read 38378 spots for ../../data/projects/PRJNA306884/sra/SRR3053329/SRR3053329.sra
Written 38378 spots for ../../data/projects/PRJNA306884/sra/SRR3053329/SRR3053329.sra
Read 59125 spots for ../../data/projects/PRJNA306884/sra/SRR3053331/SRR3053331.sra
Written 59125 spots for ../../data/projects/PRJNA306884/sra/SRR3053331/SRR3053331.sra
Read 31410 spots for ../../data/projects/PRJNA306884/sra/SRR3053332/SRR3053332.sra
Written 31410 spots for ../../data/projects/PRJNA306884/sra/SRR3053332/SRR3053332.sra
Read 36607 spots for ../../data/projects/PRJNA306884/sra/SRR3053333/SRR3053333.sra
Written 36607 spots for ../../data/projects/PRJNA306884/sra/SRR3053333/SRR3053333.sra
Read 46163 spots for ../../data/projects/PRJNA306884/sra/SRR3053334/SRR3053334.sra
Written 46163 spots for ../../data/projects/PRJNA306884/sra/SRR3053334/SRR3053334.sra
Read 22184 spots for ../../data/projects/PRJNA306884/sra/SRR3053335/SRR3053335.sra
Written 22184 spots for ../../data/projects/PRJNA306884/sra/SRR3053335/SRR3053335.sra
Read 40394 spots for ../../data/projects/PRJNA306884/sra/SRR3053336/SRR3053336.sra
Written 40394 spots for ../../data/projects/PRJNA306884/sra/SRR3053336/SRR3053336.sra
Read 40369 spots for ../../data/projects/PRJNA306884/sra/SRR3053337/SRR3053337.sra
Written 40369 spots for ../../data/projects/PRJNA306884/sra/SRR3053337/SRR3053337.sra
Read 52555 spots for ../../data/projects/PRJNA306884/sra/SRR3053338/SRR3053338.sra
Written 52555 spots for ../../data/projects/PRJNA306884/sra/SRR3053338/SRR3053338.sra
Read 36239 spots for ../../data/projects/PRJNA306884/sra/SRR3053339/SRR3053339.sra
Written 36239 spots for ../../data/projects/PRJNA306884/sra/SRR3053339/SRR3053339.sra
Read 37305 spots for ../../data/projects/PRJNA306884/sra/SRR3053340/SRR3053340.sra
Written 37305 spots for ../../data/projects/PRJNA306884/sra/SRR3053340/SRR3053340.sra
Read 53423 spots for ../../data/projects/PRJNA306884/sra/SRR3053341/SRR3053341.sra
Written 53423 spots for ../../data/projects/PRJNA306884/sra/SRR3053341/SRR3053341.sra
Read 47376 spots for ../../data/projects/PRJNA306884/sra/SRR3053342/SRR3053342.sra
Written 47376 spots for ../../data/projects/PRJNA306884/sra/SRR3053342/SRR3053342.sra
Read 40897 spots for ../../data/projects/PRJNA306884/sra/SRR3053343/SRR3053343.sra
Written 40897 spots for ../../data/projects/PRJNA306884/sra/SRR3053343/SRR3053343.sra
Read 57812 spots for ../../data/projects/PRJNA306884/sra/SRR3053344/SRR3053344.sra
Written 57812 spots for ../../data/projects/PRJNA306884/sra/SRR3053344/SRR3053344.sra
Read 18907 spots for ../../data/projects/PRJNA306884/sra/SRR3053345/SRR3053345.sra
Written 18907 spots for ../../data/projects/PRJNA306884/sra/SRR3053345/SRR3053345.sra
Read 44710 spots for ../../data/projects/PRJNA306884/sra/SRR3053346/SRR3053346.sra
Written 44710 spots for ../../data/projects/PRJNA306884/sra/SRR3053346/SRR3053346.sra
Read 30015 spots for ../../data/projects/PRJNA306884/sra/SRR3053347/SRR3053347.sra
Written 30015 spots for ../../data/projects/PRJNA306884/sra/SRR3053347/SRR3053347.sra
Read 36565 spots for ../../data/projects/PRJNA306884/sra/SRR3053348/SRR3053348.sra
Written 36565 spots for ../../data/projects/PRJNA306884/sra/SRR3053348/SRR3053348.sra
Read 46750 spots for ../../data/projects/PRJNA306884/sra/SRR3053349/SRR3053349.sra
Written 46750 spots for ../../data/projects/PRJNA306884/sra/SRR3053349/SRR3053349.sra
Read 51512 spots for ../../data/projects/PRJNA306884/sra/SRR3053350/SRR3053350.sra
Written 51512 spots for ../../data/projects/PRJNA306884/sra/SRR3053350/SRR3053350.sra
Read 53422 spots for ../../data/projects/PRJNA306884/sra/SRR3053351/SRR3053351.sra
Written 53422 spots for ../../data/projects/PRJNA306884/sra/SRR3053351/SRR3053351.sra
Read 29346 spots for ../../data/projects/PRJNA306884/sra/SRR3053352/SRR3053352.sra
Written 29346 spots for ../../data/projects/PRJNA306884/sra/SRR3053352/SRR3053352.sra
Read 46486 spots for ../../data/projects/PRJNA306884/sra/SRR3053353/SRR3053353.sra
Written 46486 spots for ../../data/projects/PRJNA306884/sra/SRR3053353/SRR3053353.sra
Read 30623 spots for ../../data/projects/PRJNA306884/sra/SRR3053354/SRR3053354.sra
Written 30623 spots for ../../data/projects/PRJNA306884/sra/SRR3053354/SRR3053354.sra
Read 29491 spots for ../../data/projects/PRJNA306884/sra/SRR3053355/SRR3053355.sra
Written 29491 spots for ../../data/projects/PRJNA306884/sra/SRR3053355/SRR3053355.sra
Read 38271 spots for ../../data/projects/PRJNA306884/sra/SRR3053356/SRR3053356.sra
Written 38271 spots for ../../data/projects/PRJNA306884/sra/SRR3053356/SRR3053356.sra
Read 29110 spots for ../../data/projects/PRJNA306884/sra/SRR3053357/SRR3053357.sra
Written 29110 spots for ../../data/projects/PRJNA306884/sra/SRR3053357/SRR3053357.sra
Read 40957 spots for ../../data/projects/PRJNA306884/sra/SRR3053358/SRR3053358.sra
Written 40957 spots for ../../data/projects/PRJNA306884/sra/SRR3053358/SRR3053358.sra
Read 55362 spots for ../../data/projects/PRJNA306884/sra/SRR3053359/SRR3053359.sra
Written 55362 spots for ../../data/projects/PRJNA306884/sra/SRR3053359/SRR3053359.sra
Read 29353 spots for ../../data/projects/PRJNA306884/sra/SRR3053360/SRR3053360.sra
Written 29353 spots for ../../data/projects/PRJNA306884/sra/SRR3053360/SRR3053360.sra
Read 36657 spots for ../../data/projects/PRJNA306884/sra/SRR3053361/SRR3053361.sra
Written 36657 spots for ../../data/projects/PRJNA306884/sra/SRR3053361/SRR3053361.sra
Read 34013 spots for ../../data/projects/PRJNA306884/sra/SRR3053362/SRR3053362.sra
Written 34013 spots for ../../data/projects/PRJNA306884/sra/SRR3053362/SRR3053362.sra
Read 21682 spots for ../../data/projects/PRJNA306884/sra/SRR3053380/SRR3053380.sra
Written 21682 spots for ../../data/projects/PRJNA306884/sra/SRR3053380/SRR3053380.sra
Read 28861 spots for ../../data/projects/PRJNA306884/sra/SRR3053386/SRR3053386.sra
Written 28861 spots for ../../data/projects/PRJNA306884/sra/SRR3053386/SRR3053386.sra
Read 48335 spots for ../../data/projects/PRJNA306884/sra/SRR3053387/SRR3053387.sra
Written 48335 spots for ../../data/projects/PRJNA306884/sra/SRR3053387/SRR3053387.sra
Read 38249 spots for ../../data/projects/PRJNA306884/sra/SRR3053388/SRR3053388.sra
Written 38249 spots for ../../data/projects/PRJNA306884/sra/SRR3053388/SRR3053388.sra
Read 51582 spots for ../../data/projects/PRJNA306884/sra/SRR3053389/SRR3053389.sra
Written 51582 spots for ../../data/projects/PRJNA306884/sra/SRR3053389/SRR3053389.sra
Read 41410 spots for ../../data/projects/PRJNA306884/sra/SRR3053390/SRR3053390.sra
Written 41410 spots for ../../data/projects/PRJNA306884/sra/SRR3053390/SRR3053390.sra
Read 30515 spots for ../../data/projects/PRJNA306884/sra/SRR3053391/SRR3053391.sra
Written 30515 spots for ../../data/projects/PRJNA306884/sra/SRR3053391/SRR3053391.sra
Read 52834 spots for ../../data/projects/PRJNA306884/sra/SRR3053392/SRR3053392.sra
Written 52834 spots for ../../data/projects/PRJNA306884/sra/SRR3053392/SRR3053392.sra
Read 43334 spots for ../../data/projects/PRJNA306884/sra/SRR3053393/SRR3053393.sra
Written 43334 spots for ../../data/projects/PRJNA306884/sra/SRR3053393/SRR3053393.sra
Read 47930 spots for ../../data/projects/PRJNA306884/sra/SRR3053410/SRR3053410.sra
Written 47930 spots for ../../data/projects/PRJNA306884/sra/SRR3053410/SRR3053410.sra
Read 57678 spots for ../../data/projects/PRJNA306884/sra/SRR3053411/SRR3053411.sra
Written 57678 spots for ../../data/projects/PRJNA306884/sra/SRR3053411/SRR3053411.sra
Read 48830 spots for ../../data/projects/PRJNA306884/sra/SRR3053434/SRR3053434.sra
Written 48830 spots for ../../data/projects/PRJNA306884/sra/SRR3053434/SRR3053434.sra
Read 33810 spots for ../../data/projects/PRJNA306884/sra/SRR3053458/SRR3053458.sra
Written 33810 spots for ../../data/projects/PRJNA306884/sra/SRR3053458/SRR3053458.sra
Read 6670 spots for ../../data/projects/PRJNA306884/sra/SRR3053459/SRR3053459.sra
Written 6670 spots for ../../data/projects/PRJNA306884/sra/SRR3053459/SRR3053459.sra
Read 32422 spots for ../../data/projects/PRJNA306884/sra/SRR3053460/SRR3053460.sra
Written 32422 spots for ../../data/projects/PRJNA306884/sra/SRR3053460/SRR3053460.sra
Read 46543 spots for ../../data/projects/PRJNA306884/sra/SRR3053461/SRR3053461.sra
Written 46543 spots for ../../data/projects/PRJNA306884/sra/SRR3053461/SRR3053461.sra
Read 41001 spots for ../../data/projects/PRJNA306884/sra/SRR3053462/SRR3053462.sra
Written 41001 spots for ../../data/projects/PRJNA306884/sra/SRR3053462/SRR3053462.sra
Read 44269 spots for ../../data/projects/PRJNA306884/sra/SRR3053463/SRR3053463.sra
Written 44269 spots for ../../data/projects/PRJNA306884/sra/SRR3053463/SRR3053463.sra
Read 38115 spots for ../../data/projects/PRJNA306884/sra/SRR3053488/SRR3053488.sra
Written 38115 spots for ../../data/projects/PRJNA306884/sra/SRR3053488/SRR3053488.sra
Read 53936 spots for ../../data/projects/PRJNA306884/sra/SRR3053489/SRR3053489.sra
Written 53936 spots for ../../data/projects/PRJNA306884/sra/SRR3053489/SRR3053489.sra
Read 13340 spots for ../../data/projects/PRJNA306884/sra/SRR3053511/SRR3053511.sra
Written 13340 spots for ../../data/projects/PRJNA306884/sra/SRR3053511/SRR3053511.sra
Read 50516 spots for ../../data/projects/PRJNA306884/sra/SRR3053512/SRR3053512.sra
Written 50516 spots for ../../data/projects/PRJNA306884/sra/SRR3053512/SRR3053512.sra
Read 25283 spots for ../../data/projects/PRJNA306884/sra/SRR3053535/SRR3053535.sra
Written 25283 spots for ../../data/projects/PRJNA306884/sra/SRR3053535/SRR3053535.sra
Read 43079 spots for ../../data/projects/PRJNA306884/sra/SRR3053536/SRR3053536.sra
Written 43079 spots for ../../data/projects/PRJNA306884/sra/SRR3053536/SRR3053536.sra
Read 45746 spots for ../../data/projects/PRJNA306884/sra/SRR3053537/SRR3053537.sra
Written 45746 spots for ../../data/projects/PRJNA306884/sra/SRR3053537/SRR3053537.sra
Read 34766 spots for ../../data/projects/PRJNA306884/sra/SRR3053538/SRR3053538.sra
Written 34766 spots for ../../data/projects/PRJNA306884/sra/SRR3053538/SRR3053538.sra
Read 44067 spots for ../../data/projects/PRJNA306884/sra/SRR3053539/SRR3053539.sra
Written 44067 spots for ../../data/projects/PRJNA306884/sra/SRR3053539/SRR3053539.sra
Read 38081 spots for ../../data/projects/PRJNA306884/sra/SRR3053540/SRR3053540.sra
Written 38081 spots for ../../data/projects/PRJNA306884/sra/SRR3053540/SRR3053540.sra
Read 27227 spots for ../../data/projects/PRJNA306884/sra/SRR3053541/SRR3053541.sra
Written 27227 spots for ../../data/projects/PRJNA306884/sra/SRR3053541/SRR3053541.sra
Read 43637 spots for ../../data/projects/PRJNA306884/sra/SRR3053542/SRR3053542.sra
Written 43637 spots for ../../data/projects/PRJNA306884/sra/SRR3053542/SRR3053542.sra
Read 27378 spots for ../../data/projects/PRJNA306884/sra/SRR3053543/SRR3053543.sra
Written 27378 spots for ../../data/projects/PRJNA306884/sra/SRR3053543/SRR3053543.sra
Read 35204 spots for ../../data/projects/PRJNA306884/sra/SRR3053544/SRR3053544.sra
Written 35204 spots for ../../data/projects/PRJNA306884/sra/SRR3053544/SRR3053544.sra
[1] ‘1.16.0’
[1] "Thu Oct 23 21:12:40 2025 Filtering..."
[1] "Thu Oct 23 21:14:14 2025 Building forward error model..."
107102984 total bases in 473964 reads from 11 samples will be used for learning the error rates.
[1] "Thu Oct 23 21:16:52 2025 Plotting error models..."
null device 
          1 
Processing: SRR3053238 
Sample 1 - 43398 reads in 16537 unique sequences.
Processing: SRR3053239 
Sample 1 - 26720 reads in 10916 unique sequences.
Processing: SRR3053240 
Sample 1 - 37404 reads in 14881 unique sequences.
Processing: SRR3053241 
Sample 1 - 38467 reads in 15411 unique sequences.
Processing: SRR3053242 
Sample 1 - 44213 reads in 17491 unique sequences.
Processing: SRR3053243 
Sample 1 - 29483 reads in 12318 unique sequences.
Processing: SRR3053245 
Sample 1 - 42522 reads in 17147 unique sequences.
Processing: SRR3053246 
Sample 1 - 51846 reads in 18304 unique sequences.
Processing: SRR3053247 
Sample 1 - 64038 reads in 22034 unique sequences.
Processing: SRR3053248 
Sample 1 - 27935 reads in 10086 unique sequences.
Processing: SRR3053249 
Sample 1 - 67938 reads in 23353 unique sequences.
Processing: SRR3053250 
Sample 1 - 44876 reads in 15672 unique sequences.
Processing: SRR3053251 
Sample 1 - 42091 reads in 15879 unique sequences.
Processing: SRR3053252 
Sample 1 - 29866 reads in 10769 unique sequences.
Processing: SRR3053253 
Sample 1 - 33122 reads in 11954 unique sequences.
Processing: SRR3053254 
Sample 1 - 37590 reads in 12208 unique sequences.
Processing: SRR3053255 
Sample 1 - 29549 reads in 10843 unique sequences.
Processing: SRR3053256 
Sample 1 - 48533 reads in 16415 unique sequences.
Processing: SRR3053257 
Sample 1 - 50373 reads in 16413 unique sequences.
Processing: SRR3053258 
Sample 1 - 31694 reads in 11579 unique sequences.
Processing: SRR3053259 
Sample 1 - 41291 reads in 12295 unique sequences.
Processing: SRR3053260 
Sample 1 - 21682 reads in 8034 unique sequences.
Processing: SRR3053261 
Sample 1 - 40831 reads in 13307 unique sequences.
Processing: SRR3053262 
Sample 1 - 43153 reads in 15421 unique sequences.
Processing: SRR3053263 
Sample 1 - 59153 reads in 20118 unique sequences.
Processing: SRR3053264 
Sample 1 - 47742 reads in 17166 unique sequences.
Processing: SRR3053265 
Sample 1 - 46039 reads in 16266 unique sequences.
Processing: SRR3053266 
Sample 1 - 46034 reads in 15877 unique sequences.
Processing: SRR3053267 
Sample 1 - 24900 reads in 9337 unique sequences.
Processing: SRR3053268 
Sample 1 - 52281 reads in 17136 unique sequences.
Processing: SRR3053269 
Sample 1 - 45719 reads in 15386 unique sequences.
Processing: SRR3053270 
Sample 1 - 27604 reads in 9474 unique sequences.
Processing: SRR3053271 
Sample 1 - 31026 reads in 10966 unique sequences.
Processing: SRR3053272 
Sample 1 - 16663 reads in 6217 unique sequences.
Processing: SRR3053274 
Sample 1 - 23143 reads in 8714 unique sequences.
Processing: SRR3053275 
Sample 1 - 44193 reads in 14646 unique sequences.
Processing: SRR3053276 
Sample 1 - 37105 reads in 13115 unique sequences.
Processing: SRR3053277 
Sample 1 - 29320 reads in 9593 unique sequences.
Processing: SRR3053278 
Sample 1 - 51843 reads in 18736 unique sequences.
Processing: SRR3053279 
Sample 1 - 3011 reads in 1302 unique sequences.
Processing: SRR3053280 
Sample 1 - 45110 reads in 16397 unique sequences.
Processing: SRR3053281 
Sample 1 - 10413 reads in 4566 unique sequences.
Processing: SRR3053282 
Sample 1 - 24359 reads in 9206 unique sequences.
Processing: SRR3053283 
Sample 1 - 25321 reads in 10020 unique sequences.
Processing: SRR3053284 
Sample 1 - 42858 reads in 15392 unique sequences.
Processing: SRR3053285 
Sample 1 - 30665 reads in 11401 unique sequences.
Processing: SRR3053286 
Sample 1 - 38603 reads in 11978 unique sequences.
Processing: SRR3053287 
Sample 1 - 42128 reads in 14230 unique sequences.
Processing: SRR3053288 
Sample 1 - 23039 reads in 9500 unique sequences.
Processing: SRR3053289 
Sample 1 - 66765 reads in 22715 unique sequences.
Processing: SRR3053290 
Sample 1 - 48969 reads in 15618 unique sequences.
Processing: SRR3053291 
Sample 1 - 51842 reads in 16984 unique sequences.
Processing: SRR3053292 
Sample 1 - 32559 reads in 9896 unique sequences.
Processing: SRR3053293 
Sample 1 - 37035 reads in 13737 unique sequences.
Processing: SRR3053294 
Sample 1 - 48568 reads in 15880 unique sequences.
Processing: SRR3053295 
Sample 1 - 50302 reads in 17465 unique sequences.
Processing: SRR3053296 
Sample 1 - 43763 reads in 15682 unique sequences.
Processing: SRR3053297 
Sample 1 - 48992 reads in 16479 unique sequences.
Processing: SRR3053298 
Sample 1 - 53882 reads in 17750 unique sequences.
Processing: SRR3053299 
Sample 1 - 34375 reads in 12141 unique sequences.
Processing: SRR3053300 
Sample 1 - 52156 reads in 15955 unique sequences.
Processing: SRR3053301 
Sample 1 - 55809 reads in 17276 unique sequences.
Processing: SRR3053302 
Sample 1 - 32938 reads in 10864 unique sequences.
Processing: SRR3053303 
Sample 1 - 49814 reads in 16329 unique sequences.
Processing: SRR3053304 
Sample 1 - 33745 reads in 12293 unique sequences.
Processing: SRR3053306 
Sample 1 - 39866 reads in 13596 unique sequences.
Processing: SRR3053307 
Sample 1 - 43763 reads in 13611 unique sequences.
Processing: SRR3053308 
Sample 1 - 42750 reads in 13496 unique sequences.
Processing: SRR3053309 
Sample 1 - 42156 reads in 13919 unique sequences.
Processing: SRR3053310 
Sample 1 - 32998 reads in 11936 unique sequences.
Processing: SRR3053311 
Sample 1 - 22070 reads in 7910 unique sequences.
Processing: SRR3053312 
Sample 1 - 23666 reads in 8895 unique sequences.
Processing: SRR3053313 
Sample 1 - 39930 reads in 13165 unique sequences.
Processing: SRR3053314 
Sample 1 - 32286 reads in 11441 unique sequences.
Processing: SRR3053315 
Sample 1 - 54462 reads in 18851 unique sequences.
Processing: SRR3053316 
Sample 1 - 30146 reads in 11367 unique sequences.
Processing: SRR3053317 
Sample 1 - 28731 reads in 10667 unique sequences.
Processing: SRR3053318 
Sample 1 - 52109 reads in 19697 unique sequences.
Processing: SRR3053319 
Sample 1 - 42827 reads in 16227 unique sequences.
Processing: SRR3053320 
Sample 1 - 44683 reads in 17551 unique sequences.
Processing: SRR3053321 
Sample 1 - 43385 reads in 16525 unique sequences.
Processing: SRR3053322 
Sample 1 - 34556 reads in 13609 unique sequences.
Processing: SRR3053323 
Sample 1 - 42304 reads in 15412 unique sequences.
Processing: SRR3053324 
Sample 1 - 55436 reads in 20417 unique sequences.
Processing: SRR3053325 
Sample 1 - 58825 reads in 20757 unique sequences.
Processing: SRR3053326 
Sample 1 - 38418 reads in 12869 unique sequences.
Processing: SRR3053327 
Sample 1 - 57821 reads in 20003 unique sequences.
Processing: SRR3053328 
Sample 1 - 48168 reads in 16616 unique sequences.
Processing: SRR3053329 
Sample 1 - 38378 reads in 14326 unique sequences.
Processing: SRR3053331 
Sample 1 - 59125 reads in 21168 unique sequences.
Processing: SRR3053332 
Sample 1 - 31410 reads in 10898 unique sequences.
Processing: SRR3053333 
Sample 1 - 36607 reads in 12991 unique sequences.
Processing: SRR3053334 
Sample 1 - 46163 reads in 15504 unique sequences.
Processing: SRR3053335 
Sample 1 - 22184 reads in 8130 unique sequences.
Processing: SRR3053336 
Sample 1 - 40394 reads in 13507 unique sequences.
Processing: SRR3053337 
Sample 1 - 40369 reads in 13169 unique sequences.
Processing: SRR3053338 
Sample 1 - 52555 reads in 17618 unique sequences.
Processing: SRR3053339 
Sample 1 - 36239 reads in 13332 unique sequences.
Processing: SRR3053340 
Sample 1 - 37305 reads in 13381 unique sequences.
Processing: SRR3053341 
Sample 1 - 53423 reads in 18251 unique sequences.
Processing: SRR3053342 
Sample 1 - 47376 reads in 15325 unique sequences.
Processing: SRR3053343 
Sample 1 - 40897 reads in 14681 unique sequences.
Processing: SRR3053344 
Sample 1 - 57812 reads in 18662 unique sequences.
Processing: SRR3053345 
Sample 1 - 18907 reads in 6888 unique sequences.
Processing: SRR3053346 
Sample 1 - 44710 reads in 15509 unique sequences.
Processing: SRR3053347 
Sample 1 - 30015 reads in 11252 unique sequences.
Processing: SRR3053348 
Sample 1 - 36565 reads in 12707 unique sequences.
Processing: SRR3053349 
Sample 1 - 46750 reads in 17258 unique sequences.
Processing: SRR3053350 
Sample 1 - 51512 reads in 18762 unique sequences.
Processing: SRR3053351 
Sample 1 - 53422 reads in 18190 unique sequences.
Processing: SRR3053352 
Sample 1 - 29346 reads in 10893 unique sequences.
Processing: SRR3053353 
Sample 1 - 46486 reads in 16203 unique sequences.
Processing: SRR3053354 
Sample 1 - 30623 reads in 11214 unique sequences.
Processing: SRR3053355 
Sample 1 - 29491 reads in 10299 unique sequences.
Processing: SRR3053356 
Sample 1 - 38271 reads in 13496 unique sequences.
Processing: SRR3053357 
Sample 1 - 29110 reads in 8154 unique sequences.
Processing: SRR3053358 
Sample 1 - 40957 reads in 10310 unique sequences.
Processing: SRR3053359 
Sample 1 - 55362 reads in 13540 unique sequences.
Processing: SRR3053360 
Sample 1 - 29353 reads in 8119 unique sequences.
Processing: SRR3053361 
Sample 1 - 36657 reads in 9505 unique sequences.
Processing: SRR3053362 
Sample 1 - 34013 reads in 11659 unique sequences.
Processing: SRR3053380 
Sample 1 - 21682 reads in 6469 unique sequences.
Processing: SRR3053386 
Sample 1 - 28861 reads in 9455 unique sequences.
Processing: SRR3053387 
Sample 1 - 48335 reads in 17360 unique sequences.
Processing: SRR3053388 
Sample 1 - 38249 reads in 13796 unique sequences.
Processing: SRR3053389 
Sample 1 - 51582 reads in 17523 unique sequences.
Processing: SRR3053390 
Sample 1 - 41410 reads in 15269 unique sequences.
Processing: SRR3053391 
Sample 1 - 30515 reads in 10687 unique sequences.
Processing: SRR3053392 
Sample 1 - 52834 reads in 17229 unique sequences.
Processing: SRR3053393 
Sample 1 - 43334 reads in 14701 unique sequences.
Processing: SRR3053410 
Sample 1 - 47930 reads in 15765 unique sequences.
Processing: SRR3053411 
Sample 1 - 57678 reads in 20305 unique sequences.
Processing: SRR3053434 
Sample 1 - 48830 reads in 16988 unique sequences.
Processing: SRR3053458 
Sample 1 - 33810 reads in 11346 unique sequences.
Processing: SRR3053459 
Sample 1 - 6670 reads in 2516 unique sequences.
Processing: SRR3053460 
Sample 1 - 32422 reads in 11475 unique sequences.
Processing: SRR3053461 
Sample 1 - 46543 reads in 15779 unique sequences.
Processing: SRR3053462 
Sample 1 - 41001 reads in 12326 unique sequences.
Processing: SRR3053463 
Sample 1 - 44269 reads in 15146 unique sequences.
Processing: SRR3053488 
Sample 1 - 38115 reads in 11958 unique sequences.
Processing: SRR3053489 
Sample 1 - 53936 reads in 16708 unique sequences.
Processing: SRR3053511 
Sample 1 - 13340 reads in 4422 unique sequences.
Processing: SRR3053512 
Sample 1 - 50516 reads in 16379 unique sequences.
Processing: SRR3053535 
Sample 1 - 25283 reads in 8377 unique sequences.
Processing: SRR3053536 
Sample 1 - 43079 reads in 12657 unique sequences.
Processing: SRR3053537 
Sample 1 - 45746 reads in 15964 unique sequences.
Processing: SRR3053538 
Sample 1 - 34766 reads in 11380 unique sequences.
Processing: SRR3053539 
Sample 1 - 44067 reads in 15139 unique sequences.
Processing: SRR3053540 
Sample 1 - 38080 reads in 12359 unique sequences.
Processing: SRR3053541 
Sample 1 - 27227 reads in 8939 unique sequences.
Processing: SRR3053542 
Sample 1 - 43637 reads in 14951 unique sequences.
Processing: SRR3053543 
Sample 1 - 27377 reads in 9878 unique sequences.
Processing: SRR3053544 
Sample 1 - 35204 reads in 11466 unique sequences.
[1] "Thu Oct 23 21:25:54 2025 Removed 0 ASVs for being too short."
[1] "Thu Oct 23 21:25:54 2025 Removing bimeras..."
[1] "Thu Oct 23 21:26:23 2025 Writing ASV table..."
[1] "Thu Oct 23 21:26:23 2025 ASVs recorded."
[1] "Thu Oct 23 21:26:23 2025 Writing output files..."
[1] "Calculating summary stats..."
[1] "Thu Oct 23 21:26:24 2025 Writing summary output..."
[1] "Thu Oct 23 21:26:24 2025 DONE!!!"
