Read 19335 spots for ../../data/projects/PRJNA385004/sra/SRR5504364/SRR5504364.sra
Written 19335 spots for ../../data/projects/PRJNA385004/sra/SRR5504364/SRR5504364.sra
Read 8963 spots for ../../data/projects/PRJNA385004/sra/SRR5504365/SRR5504365.sra
Written 8963 spots for ../../data/projects/PRJNA385004/sra/SRR5504365/SRR5504365.sra
Read 10530 spots for ../../data/projects/PRJNA385004/sra/SRR5504366/SRR5504366.sra
Written 10530 spots for ../../data/projects/PRJNA385004/sra/SRR5504366/SRR5504366.sra
Read 4410 spots for ../../data/projects/PRJNA385004/sra/SRR5504367/SRR5504367.sra
Written 4410 spots for ../../data/projects/PRJNA385004/sra/SRR5504367/SRR5504367.sra
Read 10946 spots for ../../data/projects/PRJNA385004/sra/SRR5504368/SRR5504368.sra
Written 10946 spots for ../../data/projects/PRJNA385004/sra/SRR5504368/SRR5504368.sra
Read 7394 spots for ../../data/projects/PRJNA385004/sra/SRR5504369/SRR5504369.sra
Written 7394 spots for ../../data/projects/PRJNA385004/sra/SRR5504369/SRR5504369.sra
Read 10701 spots for ../../data/projects/PRJNA385004/sra/SRR5504370/SRR5504370.sra
Written 10701 spots for ../../data/projects/PRJNA385004/sra/SRR5504370/SRR5504370.sra
Read 10425 spots for ../../data/projects/PRJNA385004/sra/SRR5504371/SRR5504371.sra
Written 10425 spots for ../../data/projects/PRJNA385004/sra/SRR5504371/SRR5504371.sra
Read 9513 spots for ../../data/projects/PRJNA385004/sra/SRR5504372/SRR5504372.sra
Written 9513 spots for ../../data/projects/PRJNA385004/sra/SRR5504372/SRR5504372.sra
Read 13926 spots for ../../data/projects/PRJNA385004/sra/SRR5504373/SRR5504373.sra
Written 13926 spots for ../../data/projects/PRJNA385004/sra/SRR5504373/SRR5504373.sra
Read 5469 spots for ../../data/projects/PRJNA385004/sra/SRR5504374/SRR5504374.sra
Written 5469 spots for ../../data/projects/PRJNA385004/sra/SRR5504374/SRR5504374.sra
Read 11823 spots for ../../data/projects/PRJNA385004/sra/SRR5504375/SRR5504375.sra
Written 11823 spots for ../../data/projects/PRJNA385004/sra/SRR5504375/SRR5504375.sra
Read 8412 spots for ../../data/projects/PRJNA385004/sra/SRR5504376/SRR5504376.sra
Written 8412 spots for ../../data/projects/PRJNA385004/sra/SRR5504376/SRR5504376.sra
Read 9720 spots for ../../data/projects/PRJNA385004/sra/SRR5504377/SRR5504377.sra
Written 9720 spots for ../../data/projects/PRJNA385004/sra/SRR5504377/SRR5504377.sra
Read 8947 spots for ../../data/projects/PRJNA385004/sra/SRR5504378/SRR5504378.sra
Written 8947 spots for ../../data/projects/PRJNA385004/sra/SRR5504378/SRR5504378.sra
Read 7797 spots for ../../data/projects/PRJNA385004/sra/SRR5504379/SRR5504379.sra
Written 7797 spots for ../../data/projects/PRJNA385004/sra/SRR5504379/SRR5504379.sra
Read 4815 spots for ../../data/projects/PRJNA385004/sra/SRR5504380/SRR5504380.sra
Written 4815 spots for ../../data/projects/PRJNA385004/sra/SRR5504380/SRR5504380.sra
Read 6949 spots for ../../data/projects/PRJNA385004/sra/SRR5504381/SRR5504381.sra
Written 6949 spots for ../../data/projects/PRJNA385004/sra/SRR5504381/SRR5504381.sra
Read 6431 spots for ../../data/projects/PRJNA385004/sra/SRR5504382/SRR5504382.sra
Written 6431 spots for ../../data/projects/PRJNA385004/sra/SRR5504382/SRR5504382.sra
Read 3489 spots for ../../data/projects/PRJNA385004/sra/SRR5504383/SRR5504383.sra
Written 3489 spots for ../../data/projects/PRJNA385004/sra/SRR5504383/SRR5504383.sra
Read 12357 spots for ../../data/projects/PRJNA385004/sra/SRR5504384/SRR5504384.sra
Written 12357 spots for ../../data/projects/PRJNA385004/sra/SRR5504384/SRR5504384.sra
Read 9409 spots for ../../data/projects/PRJNA385004/sra/SRR5504385/SRR5504385.sra
Written 9409 spots for ../../data/projects/PRJNA385004/sra/SRR5504385/SRR5504385.sra
Read 10836 spots for ../../data/projects/PRJNA385004/sra/SRR5504386/SRR5504386.sra
Written 10836 spots for ../../data/projects/PRJNA385004/sra/SRR5504386/SRR5504386.sra
Read 13196 spots for ../../data/projects/PRJNA385004/sra/SRR5504387/SRR5504387.sra
Written 13196 spots for ../../data/projects/PRJNA385004/sra/SRR5504387/SRR5504387.sra
Read 6334 spots for ../../data/projects/PRJNA385004/sra/SRR5504388/SRR5504388.sra
Written 6334 spots for ../../data/projects/PRJNA385004/sra/SRR5504388/SRR5504388.sra
Read 2605 spots for ../../data/projects/PRJNA385004/sra/SRR5504389/SRR5504389.sra
Written 2605 spots for ../../data/projects/PRJNA385004/sra/SRR5504389/SRR5504389.sra
Read 8395 spots for ../../data/projects/PRJNA385004/sra/SRR5504390/SRR5504390.sra
Written 8395 spots for ../../data/projects/PRJNA385004/sra/SRR5504390/SRR5504390.sra
Read 4076 spots for ../../data/projects/PRJNA385004/sra/SRR5504391/SRR5504391.sra
Written 4076 spots for ../../data/projects/PRJNA385004/sra/SRR5504391/SRR5504391.sra
Read 16121 spots for ../../data/projects/PRJNA385004/sra/SRR5504392/SRR5504392.sra
Written 16121 spots for ../../data/projects/PRJNA385004/sra/SRR5504392/SRR5504392.sra
Read 5994 spots for ../../data/projects/PRJNA385004/sra/SRR5504393/SRR5504393.sra
Written 5994 spots for ../../data/projects/PRJNA385004/sra/SRR5504393/SRR5504393.sra
Read 12469 spots for ../../data/projects/PRJNA385004/sra/SRR5504394/SRR5504394.sra
Written 12469 spots for ../../data/projects/PRJNA385004/sra/SRR5504394/SRR5504394.sra
Read 10059 spots for ../../data/projects/PRJNA385004/sra/SRR5504395/SRR5504395.sra
Written 10059 spots for ../../data/projects/PRJNA385004/sra/SRR5504395/SRR5504395.sra
Read 12014 spots for ../../data/projects/PRJNA385004/sra/SRR5504396/SRR5504396.sra
Written 12014 spots for ../../data/projects/PRJNA385004/sra/SRR5504396/SRR5504396.sra
Read 7445 spots for ../../data/projects/PRJNA385004/sra/SRR5504397/SRR5504397.sra
Written 7445 spots for ../../data/projects/PRJNA385004/sra/SRR5504397/SRR5504397.sra
Read 10365 spots for ../../data/projects/PRJNA385004/sra/SRR5504398/SRR5504398.sra
Written 10365 spots for ../../data/projects/PRJNA385004/sra/SRR5504398/SRR5504398.sra
Read 5351 spots for ../../data/projects/PRJNA385004/sra/SRR5504399/SRR5504399.sra
Written 5351 spots for ../../data/projects/PRJNA385004/sra/SRR5504399/SRR5504399.sra
Read 5243 spots for ../../data/projects/PRJNA385004/sra/SRR5504400/SRR5504400.sra
Written 5243 spots for ../../data/projects/PRJNA385004/sra/SRR5504400/SRR5504400.sra
Read 10339 spots for ../../data/projects/PRJNA385004/sra/SRR5504401/SRR5504401.sra
Written 10339 spots for ../../data/projects/PRJNA385004/sra/SRR5504401/SRR5504401.sra
Read 56 spots for ../../data/projects/PRJNA385004/sra/SRR5504403/SRR5504403.sra
Written 56 spots for ../../data/projects/PRJNA385004/sra/SRR5504403/SRR5504403.sra
Read 14413 spots for ../../data/projects/PRJNA385004/sra/SRR5504404/SRR5504404.sra
Written 14413 spots for ../../data/projects/PRJNA385004/sra/SRR5504404/SRR5504404.sra
Read 14341 spots for ../../data/projects/PRJNA385004/sra/SRR5504405/SRR5504405.sra
Written 14341 spots for ../../data/projects/PRJNA385004/sra/SRR5504405/SRR5504405.sra
Read 10066 spots for ../../data/projects/PRJNA385004/sra/SRR5504406/SRR5504406.sra
Written 10066 spots for ../../data/projects/PRJNA385004/sra/SRR5504406/SRR5504406.sra
Read 16173 spots for ../../data/projects/PRJNA385004/sra/SRR5504407/SRR5504407.sra
Written 16173 spots for ../../data/projects/PRJNA385004/sra/SRR5504407/SRR5504407.sra
Read 9841 spots for ../../data/projects/PRJNA385004/sra/SRR5504408/SRR5504408.sra
Written 9841 spots for ../../data/projects/PRJNA385004/sra/SRR5504408/SRR5504408.sra
Read 10278 spots for ../../data/projects/PRJNA385004/sra/SRR5504409/SRR5504409.sra
Written 10278 spots for ../../data/projects/PRJNA385004/sra/SRR5504409/SRR5504409.sra
Read 4395 spots for ../../data/projects/PRJNA385004/sra/SRR5504410/SRR5504410.sra
Written 4395 spots for ../../data/projects/PRJNA385004/sra/SRR5504410/SRR5504410.sra
Read 7830 spots for ../../data/projects/PRJNA385004/sra/SRR5504411/SRR5504411.sra
Written 7830 spots for ../../data/projects/PRJNA385004/sra/SRR5504411/SRR5504411.sra
Read 6036 spots for ../../data/projects/PRJNA385004/sra/SRR5504412/SRR5504412.sra
Written 6036 spots for ../../data/projects/PRJNA385004/sra/SRR5504412/SRR5504412.sra
Read 11510 spots for ../../data/projects/PRJNA385004/sra/SRR5504413/SRR5504413.sra
Written 11510 spots for ../../data/projects/PRJNA385004/sra/SRR5504413/SRR5504413.sra
Read 14643 spots for ../../data/projects/PRJNA385004/sra/SRR5504414/SRR5504414.sra
Written 14643 spots for ../../data/projects/PRJNA385004/sra/SRR5504414/SRR5504414.sra
Read 5843 spots for ../../data/projects/PRJNA385004/sra/SRR5504415/SRR5504415.sra
Written 5843 spots for ../../data/projects/PRJNA385004/sra/SRR5504415/SRR5504415.sra
Read 13148 spots for ../../data/projects/PRJNA385004/sra/SRR5504416/SRR5504416.sra
Written 13148 spots for ../../data/projects/PRJNA385004/sra/SRR5504416/SRR5504416.sra
Read 4672 spots for ../../data/projects/PRJNA385004/sra/SRR5504417/SRR5504417.sra
Written 4672 spots for ../../data/projects/PRJNA385004/sra/SRR5504417/SRR5504417.sra
Read 13458 spots for ../../data/projects/PRJNA385004/sra/SRR5504418/SRR5504418.sra
Written 13458 spots for ../../data/projects/PRJNA385004/sra/SRR5504418/SRR5504418.sra
Read 7095 spots for ../../data/projects/PRJNA385004/sra/SRR5504419/SRR5504419.sra
Written 7095 spots for ../../data/projects/PRJNA385004/sra/SRR5504419/SRR5504419.sra
Read 7883 spots for ../../data/projects/PRJNA385004/sra/SRR5504420/SRR5504420.sra
Written 7883 spots for ../../data/projects/PRJNA385004/sra/SRR5504420/SRR5504420.sra
Read 8862 spots for ../../data/projects/PRJNA385004/sra/SRR5504421/SRR5504421.sra
Written 8862 spots for ../../data/projects/PRJNA385004/sra/SRR5504421/SRR5504421.sra
Read 5273 spots for ../../data/projects/PRJNA385004/sra/SRR5504422/SRR5504422.sra
Written 5273 spots for ../../data/projects/PRJNA385004/sra/SRR5504422/SRR5504422.sra
Read 1741 spots for ../../data/projects/PRJNA385004/sra/SRR5504423/SRR5504423.sra
Written 1741 spots for ../../data/projects/PRJNA385004/sra/SRR5504423/SRR5504423.sra
Read 4868 spots for ../../data/projects/PRJNA385004/sra/SRR5504424/SRR5504424.sra
Written 4868 spots for ../../data/projects/PRJNA385004/sra/SRR5504424/SRR5504424.sra
Read 18181 spots for ../../data/projects/PRJNA385004/sra/SRR5504425/SRR5504425.sra
Written 18181 spots for ../../data/projects/PRJNA385004/sra/SRR5504425/SRR5504425.sra
Read 8426 spots for ../../data/projects/PRJNA385004/sra/SRR5504426/SRR5504426.sra
Written 8426 spots for ../../data/projects/PRJNA385004/sra/SRR5504426/SRR5504426.sra
Read 8171 spots for ../../data/projects/PRJNA385004/sra/SRR5504427/SRR5504427.sra
Written 8171 spots for ../../data/projects/PRJNA385004/sra/SRR5504427/SRR5504427.sra
Read 8212 spots for ../../data/projects/PRJNA385004/sra/SRR5504428/SRR5504428.sra
Written 8212 spots for ../../data/projects/PRJNA385004/sra/SRR5504428/SRR5504428.sra
Read 10822 spots for ../../data/projects/PRJNA385004/sra/SRR5504429/SRR5504429.sra
Written 10822 spots for ../../data/projects/PRJNA385004/sra/SRR5504429/SRR5504429.sra
Read 10393 spots for ../../data/projects/PRJNA385004/sra/SRR5504430/SRR5504430.sra
Written 10393 spots for ../../data/projects/PRJNA385004/sra/SRR5504430/SRR5504430.sra
Read 9533 spots for ../../data/projects/PRJNA385004/sra/SRR5504431/SRR5504431.sra
Written 9533 spots for ../../data/projects/PRJNA385004/sra/SRR5504431/SRR5504431.sra
Read 8804 spots for ../../data/projects/PRJNA385004/sra/SRR5504432/SRR5504432.sra
Written 8804 spots for ../../data/projects/PRJNA385004/sra/SRR5504432/SRR5504432.sra
Read 2864 spots for ../../data/projects/PRJNA385004/sra/SRR5504433/SRR5504433.sra
Written 2864 spots for ../../data/projects/PRJNA385004/sra/SRR5504433/SRR5504433.sra
Read 9661 spots for ../../data/projects/PRJNA385004/sra/SRR5504434/SRR5504434.sra
Written 9661 spots for ../../data/projects/PRJNA385004/sra/SRR5504434/SRR5504434.sra
Read 13570 spots for ../../data/projects/PRJNA385004/sra/SRR5504435/SRR5504435.sra
Written 13570 spots for ../../data/projects/PRJNA385004/sra/SRR5504435/SRR5504435.sra
Read 9 spots for ../../data/projects/PRJNA385004/sra/SRR5504436/SRR5504436.sra
Written 9 spots for ../../data/projects/PRJNA385004/sra/SRR5504436/SRR5504436.sra
Read 8599 spots for ../../data/projects/PRJNA385004/sra/SRR5504437/SRR5504437.sra
Written 8599 spots for ../../data/projects/PRJNA385004/sra/SRR5504437/SRR5504437.sra
Read 12312 spots for ../../data/projects/PRJNA385004/sra/SRR5504438/SRR5504438.sra
Written 12312 spots for ../../data/projects/PRJNA385004/sra/SRR5504438/SRR5504438.sra
Read 9019 spots for ../../data/projects/PRJNA385004/sra/SRR5504439/SRR5504439.sra
Written 9019 spots for ../../data/projects/PRJNA385004/sra/SRR5504439/SRR5504439.sra
Read 11604 spots for ../../data/projects/PRJNA385004/sra/SRR5504440/SRR5504440.sra
Written 11604 spots for ../../data/projects/PRJNA385004/sra/SRR5504440/SRR5504440.sra
Read 9567 spots for ../../data/projects/PRJNA385004/sra/SRR5504441/SRR5504441.sra
Written 9567 spots for ../../data/projects/PRJNA385004/sra/SRR5504441/SRR5504441.sra
Read 12224 spots for ../../data/projects/PRJNA385004/sra/SRR5504442/SRR5504442.sra
Written 12224 spots for ../../data/projects/PRJNA385004/sra/SRR5504442/SRR5504442.sra
Read 7913 spots for ../../data/projects/PRJNA385004/sra/SRR5504443/SRR5504443.sra
Written 7913 spots for ../../data/projects/PRJNA385004/sra/SRR5504443/SRR5504443.sra
Read 13231 spots for ../../data/projects/PRJNA385004/sra/SRR5504444/SRR5504444.sra
Written 13231 spots for ../../data/projects/PRJNA385004/sra/SRR5504444/SRR5504444.sra
Read 8732 spots for ../../data/projects/PRJNA385004/sra/SRR5504445/SRR5504445.sra
Written 8732 spots for ../../data/projects/PRJNA385004/sra/SRR5504445/SRR5504445.sra
[1] ‘1.16.0’
[1] "Thu Oct 23 21:10:24 2025 Filtering..."
[1] "Thu Oct 23 21:11:20 2025 Building forward error model..."
103177233 total bases in 243114 reads from 27 samples will be used for learning the error rates.
[1] "Thu Oct 23 21:17:58 2025 Plotting error models..."
null device 
          1 
Processing: SRR5504364 
Sample 1 - 19335 reads in 18665 unique sequences.
Processing: SRR5504365 
Sample 1 - 8962 reads in 8814 unique sequences.
Processing: SRR5504366 
Sample 1 - 10530 reads in 9688 unique sequences.
Processing: SRR5504367 
Sample 1 - 4410 reads in 4278 unique sequences.
Processing: SRR5504368 
Sample 1 - 10946 reads in 10483 unique sequences.
Processing: SRR5504369 
Sample 1 - 7394 reads in 7267 unique sequences.
Processing: SRR5504370 
Sample 1 - 10701 reads in 10600 unique sequences.
Processing: SRR5504371 
Sample 1 - 10425 reads in 10335 unique sequences.
Processing: SRR5504372 
Sample 1 - 9513 reads in 9394 unique sequences.
Processing: SRR5504373 
Sample 1 - 13926 reads in 13225 unique sequences.
Processing: SRR5504374 
Sample 1 - 5468 reads in 5425 unique sequences.
Processing: SRR5504375 
Sample 1 - 11823 reads in 11672 unique sequences.
Processing: SRR5504376 
Sample 1 - 8412 reads in 8372 unique sequences.
Processing: SRR5504377 
Sample 1 - 9718 reads in 9510 unique sequences.
Processing: SRR5504378 
Sample 1 - 8947 reads in 8818 unique sequences.
Processing: SRR5504379 
Sample 1 - 7795 reads in 7668 unique sequences.
Processing: SRR5504380 
Sample 1 - 4815 reads in 4696 unique sequences.
Processing: SRR5504381 
Sample 1 - 6948 reads in 6874 unique sequences.
Processing: SRR5504382 
Sample 1 - 6431 reads in 6334 unique sequences.
Processing: SRR5504383 
Sample 1 - 3489 reads in 3325 unique sequences.
Processing: SRR5504384 
Sample 1 - 12356 reads in 12188 unique sequences.
Processing: SRR5504385 
Sample 1 - 9408 reads in 9340 unique sequences.
Processing: SRR5504386 
Sample 1 - 10834 reads in 10696 unique sequences.
Processing: SRR5504387 
Sample 1 - 13196 reads in 12990 unique sequences.
Processing: SRR5504388 
Sample 1 - 6334 reads in 6248 unique sequences.
Processing: SRR5504389 
Sample 1 - 2605 reads in 2591 unique sequences.
Processing: SRR5504390 
Sample 1 - 8393 reads in 8028 unique sequences.
Processing: SRR5504391 
Sample 1 - 4076 reads in 4014 unique sequences.
Processing: SRR5504392 
Sample 1 - 16121 reads in 15738 unique sequences.
Processing: SRR5504393 
Sample 1 - 5994 reads in 5594 unique sequences.
Processing: SRR5504394 
Sample 1 - 12469 reads in 11957 unique sequences.
Processing: SRR5504395 
Sample 1 - 10058 reads in 9054 unique sequences.
Processing: SRR5504396 
Sample 1 - 12014 reads in 11845 unique sequences.
Processing: SRR5504397 
Sample 1 - 7445 reads in 7087 unique sequences.
Processing: SRR5504398 
Sample 1 - 10362 reads in 9836 unique sequences.
Processing: SRR5504399 
Sample 1 - 5350 reads in 5225 unique sequences.
Processing: SRR5504400 
Sample 1 - 5243 reads in 5070 unique sequences.
Processing: SRR5504401 
Sample 1 - 10338 reads in 8605 unique sequences.
Processing: SRR5504403 
Sample 1 - 56 reads in 53 unique sequences.
Processing: SRR5504404 
Sample 1 - 14412 reads in 14305 unique sequences.
Processing: SRR5504405 
Sample 1 - 14341 reads in 13540 unique sequences.
Processing: SRR5504406 
Sample 1 - 10065 reads in 9754 unique sequences.
Processing: SRR5504407 
Sample 1 - 16170 reads in 15853 unique sequences.
Processing: SRR5504408 
Sample 1 - 9841 reads in 9221 unique sequences.
Processing: SRR5504409 
Sample 1 - 10277 reads in 9654 unique sequences.
Processing: SRR5504410 
Sample 1 - 4395 reads in 4318 unique sequences.
Processing: SRR5504411 
Sample 1 - 7830 reads in 7497 unique sequences.
Processing: SRR5504412 
Sample 1 - 6035 reads in 5813 unique sequences.
Processing: SRR5504413 
Sample 1 - 11510 reads in 11324 unique sequences.
Processing: SRR5504414 
Sample 1 - 14642 reads in 14477 unique sequences.
Processing: SRR5504415 
Sample 1 - 5842 reads in 5745 unique sequences.
Processing: SRR5504416 
Sample 1 - 13147 reads in 12983 unique sequences.
Processing: SRR5504417 
Sample 1 - 4672 reads in 4570 unique sequences.
Processing: SRR5504418 
Sample 1 - 13455 reads in 13291 unique sequences.
Processing: SRR5504419 
Sample 1 - 7095 reads in 6997 unique sequences.
Processing: SRR5504420 
Sample 1 - 7883 reads in 7128 unique sequences.
Processing: SRR5504421 
Sample 1 - 8862 reads in 8691 unique sequences.
Processing: SRR5504422 
Sample 1 - 5273 reads in 5076 unique sequences.
Processing: SRR5504423 
Sample 1 - 1741 reads in 1560 unique sequences.
Processing: SRR5504424 
Sample 1 - 4868 reads in 4773 unique sequences.
Processing: SRR5504425 
Sample 1 - 18179 reads in 17793 unique sequences.
Processing: SRR5504426 
Sample 1 - 8425 reads in 7556 unique sequences.
Processing: SRR5504427 
Sample 1 - 8171 reads in 7962 unique sequences.
Processing: SRR5504428 
Sample 1 - 8211 reads in 7233 unique sequences.
Processing: SRR5504429 
Sample 1 - 10822 reads in 10535 unique sequences.
Processing: SRR5504430 
Sample 1 - 10391 reads in 8216 unique sequences.
Processing: SRR5504431 
Sample 1 - 9533 reads in 9381 unique sequences.
Processing: SRR5504432 
Sample 1 - 8794 reads in 8507 unique sequences.
Processing: SRR5504433 
Sample 1 - 2862 reads in 2822 unique sequences.
Processing: SRR5504434 
Sample 1 - 9660 reads in 9516 unique sequences.
Processing: SRR5504435 
Sample 1 - 13570 reads in 13146 unique sequences.
Processing: SRR5504436 
Sample 1 - 9 reads in 9 unique sequences.
Processing: SRR5504437 
Sample 1 - 8597 reads in 8544 unique sequences.
Processing: SRR5504438 
Sample 1 - 12310 reads in 10992 unique sequences.
Processing: SRR5504439 
Sample 1 - 9019 reads in 8452 unique sequences.
Processing: SRR5504440 
Sample 1 - 11603 reads in 11167 unique sequences.
Processing: SRR5504441 
Sample 1 - 9567 reads in 9498 unique sequences.
Processing: SRR5504442 
Sample 1 - 12222 reads in 12075 unique sequences.
Processing: SRR5504443 
Sample 1 - 7912 reads in 7820 unique sequences.
Processing: SRR5504444 
Sample 1 - 13231 reads in 13073 unique sequences.
Processing: SRR5504445 
Sample 1 - 8732 reads in 8638 unique sequences.
[1] "Thu Oct 23 21:22:23 2025 Removed 2 ASVs for being too short."
[1] "Thu Oct 23 21:22:24 2025 Removing bimeras..."
[1] "Thu Oct 23 21:22:24 2025 Writing ASV table..."
[1] "Thu Oct 23 21:22:26 2025 ASVs recorded."
[1] "Thu Oct 23 21:22:26 2025 Writing output files..."
[1] "Calculating summary stats..."
[1] "Thu Oct 23 21:22:26 2025 Writing summary output..."
[1] "Thu Oct 23 21:22:26 2025 DONE!!!"
