Read 12128 spots for ../../data/projects/PRJNA293971/sra/SRR2467275/SRR2467275.sra
Written 12128 spots for ../../data/projects/PRJNA293971/sra/SRR2467275/SRR2467275.sra
Read 11578 spots for ../../data/projects/PRJNA293971/sra/SRR2467276/SRR2467276.sra
Written 11578 spots for ../../data/projects/PRJNA293971/sra/SRR2467276/SRR2467276.sra
Read 10829 spots for ../../data/projects/PRJNA293971/sra/SRR2467277/SRR2467277.sra
Written 10829 spots for ../../data/projects/PRJNA293971/sra/SRR2467277/SRR2467277.sra
Read 11599 spots for ../../data/projects/PRJNA293971/sra/SRR2467278/SRR2467278.sra
Written 11599 spots for ../../data/projects/PRJNA293971/sra/SRR2467278/SRR2467278.sra
Read 12650 spots for ../../data/projects/PRJNA293971/sra/SRR2467280/SRR2467280.sra
Written 12650 spots for ../../data/projects/PRJNA293971/sra/SRR2467280/SRR2467280.sra
Read 11549 spots for ../../data/projects/PRJNA293971/sra/SRR2467281/SRR2467281.sra
Written 11549 spots for ../../data/projects/PRJNA293971/sra/SRR2467281/SRR2467281.sra
Read 12198 spots for ../../data/projects/PRJNA293971/sra/SRR2467282/SRR2467282.sra
Written 12198 spots for ../../data/projects/PRJNA293971/sra/SRR2467282/SRR2467282.sra
Read 12376 spots for ../../data/projects/PRJNA293971/sra/SRR2467283/SRR2467283.sra
Written 12376 spots for ../../data/projects/PRJNA293971/sra/SRR2467283/SRR2467283.sra
Read 12613 spots for ../../data/projects/PRJNA293971/sra/SRR2467284/SRR2467284.sra
Written 12613 spots for ../../data/projects/PRJNA293971/sra/SRR2467284/SRR2467284.sra
Read 11190 spots for ../../data/projects/PRJNA293971/sra/SRR2467285/SRR2467285.sra
Written 11190 spots for ../../data/projects/PRJNA293971/sra/SRR2467285/SRR2467285.sra
Read 10666 spots for ../../data/projects/PRJNA293971/sra/SRR2467286/SRR2467286.sra
Written 10666 spots for ../../data/projects/PRJNA293971/sra/SRR2467286/SRR2467286.sra
Read 11595 spots for ../../data/projects/PRJNA293971/sra/SRR2467287/SRR2467287.sra
Written 11595 spots for ../../data/projects/PRJNA293971/sra/SRR2467287/SRR2467287.sra
Read 10525 spots for ../../data/projects/PRJNA293971/sra/SRR2467290/SRR2467290.sra
Written 10525 spots for ../../data/projects/PRJNA293971/sra/SRR2467290/SRR2467290.sra
Read 10677 spots for ../../data/projects/PRJNA293971/sra/SRR2467291/SRR2467291.sra
Written 10677 spots for ../../data/projects/PRJNA293971/sra/SRR2467291/SRR2467291.sra
Read 12051 spots for ../../data/projects/PRJNA293971/sra/SRR2467293/SRR2467293.sra
Written 12051 spots for ../../data/projects/PRJNA293971/sra/SRR2467293/SRR2467293.sra
Read 7221 spots for ../../data/projects/PRJNA293971/sra/SRR2467294/SRR2467294.sra
Written 7221 spots for ../../data/projects/PRJNA293971/sra/SRR2467294/SRR2467294.sra
Read 11566 spots for ../../data/projects/PRJNA293971/sra/SRR2467295/SRR2467295.sra
Written 11566 spots for ../../data/projects/PRJNA293971/sra/SRR2467295/SRR2467295.sra
Read 11554 spots for ../../data/projects/PRJNA293971/sra/SRR2467296/SRR2467296.sra
Written 11554 spots for ../../data/projects/PRJNA293971/sra/SRR2467296/SRR2467296.sra
Read 12134 spots for ../../data/projects/PRJNA293971/sra/SRR2467297/SRR2467297.sra
Written 12134 spots for ../../data/projects/PRJNA293971/sra/SRR2467297/SRR2467297.sra
Read 10890 spots for ../../data/projects/PRJNA293971/sra/SRR2467298/SRR2467298.sra
Written 10890 spots for ../../data/projects/PRJNA293971/sra/SRR2467298/SRR2467298.sra
Read 11548 spots for ../../data/projects/PRJNA293971/sra/SRR2467299/SRR2467299.sra
Written 11548 spots for ../../data/projects/PRJNA293971/sra/SRR2467299/SRR2467299.sra
Read 9546 spots for ../../data/projects/PRJNA293971/sra/SRR2467300/SRR2467300.sra
Written 9546 spots for ../../data/projects/PRJNA293971/sra/SRR2467300/SRR2467300.sra
Read 12432 spots for ../../data/projects/PRJNA293971/sra/SRR2467301/SRR2467301.sra
Written 12432 spots for ../../data/projects/PRJNA293971/sra/SRR2467301/SRR2467301.sra
Read 12391 spots for ../../data/projects/PRJNA293971/sra/SRR2467302/SRR2467302.sra
Written 12391 spots for ../../data/projects/PRJNA293971/sra/SRR2467302/SRR2467302.sra
Read 8987 spots for ../../data/projects/PRJNA293971/sra/SRR2467303/SRR2467303.sra
Written 8987 spots for ../../data/projects/PRJNA293971/sra/SRR2467303/SRR2467303.sra
Read 12152 spots for ../../data/projects/PRJNA293971/sra/SRR2467304/SRR2467304.sra
Written 12152 spots for ../../data/projects/PRJNA293971/sra/SRR2467304/SRR2467304.sra
Read 11433 spots for ../../data/projects/PRJNA293971/sra/SRR2467305/SRR2467305.sra
Written 11433 spots for ../../data/projects/PRJNA293971/sra/SRR2467305/SRR2467305.sra
Read 12886 spots for ../../data/projects/PRJNA293971/sra/SRR2467306/SRR2467306.sra
Written 12886 spots for ../../data/projects/PRJNA293971/sra/SRR2467306/SRR2467306.sra
Read 12447 spots for ../../data/projects/PRJNA293971/sra/SRR2467307/SRR2467307.sra
Written 12447 spots for ../../data/projects/PRJNA293971/sra/SRR2467307/SRR2467307.sra
Read 8606 spots for ../../data/projects/PRJNA293971/sra/SRR2467308/SRR2467308.sra
Written 8606 spots for ../../data/projects/PRJNA293971/sra/SRR2467308/SRR2467308.sra
Read 11677 spots for ../../data/projects/PRJNA293971/sra/SRR2467309/SRR2467309.sra
Written 11677 spots for ../../data/projects/PRJNA293971/sra/SRR2467309/SRR2467309.sra
Read 11563 spots for ../../data/projects/PRJNA293971/sra/SRR2467310/SRR2467310.sra
Written 11563 spots for ../../data/projects/PRJNA293971/sra/SRR2467310/SRR2467310.sra
Read 11322 spots for ../../data/projects/PRJNA293971/sra/SRR2467311/SRR2467311.sra
Written 11322 spots for ../../data/projects/PRJNA293971/sra/SRR2467311/SRR2467311.sra
Read 12491 spots for ../../data/projects/PRJNA293971/sra/SRR2467312/SRR2467312.sra
Written 12491 spots for ../../data/projects/PRJNA293971/sra/SRR2467312/SRR2467312.sra
Read 12766 spots for ../../data/projects/PRJNA293971/sra/SRR2467313/SRR2467313.sra
Written 12766 spots for ../../data/projects/PRJNA293971/sra/SRR2467313/SRR2467313.sra
Read 14123 spots for ../../data/projects/PRJNA293971/sra/SRR2467314/SRR2467314.sra
Written 14123 spots for ../../data/projects/PRJNA293971/sra/SRR2467314/SRR2467314.sra
Read 16593 spots for ../../data/projects/PRJNA293971/sra/SRR2467315/SRR2467315.sra
Written 16593 spots for ../../data/projects/PRJNA293971/sra/SRR2467315/SRR2467315.sra
Read 15127 spots for ../../data/projects/PRJNA293971/sra/SRR2467316/SRR2467316.sra
Written 15127 spots for ../../data/projects/PRJNA293971/sra/SRR2467316/SRR2467316.sra
Read 14947 spots for ../../data/projects/PRJNA293971/sra/SRR2467317/SRR2467317.sra
Written 14947 spots for ../../data/projects/PRJNA293971/sra/SRR2467317/SRR2467317.sra
Read 13438 spots for ../../data/projects/PRJNA293971/sra/SRR2467318/SRR2467318.sra
Written 13438 spots for ../../data/projects/PRJNA293971/sra/SRR2467318/SRR2467318.sra
Read 14478 spots for ../../data/projects/PRJNA293971/sra/SRR2467319/SRR2467319.sra
Written 14478 spots for ../../data/projects/PRJNA293971/sra/SRR2467319/SRR2467319.sra
Read 12588 spots for ../../data/projects/PRJNA293971/sra/SRR2467320/SRR2467320.sra
Written 12588 spots for ../../data/projects/PRJNA293971/sra/SRR2467320/SRR2467320.sra
Read 15543 spots for ../../data/projects/PRJNA293971/sra/SRR2467321/SRR2467321.sra
Written 15543 spots for ../../data/projects/PRJNA293971/sra/SRR2467321/SRR2467321.sra
Read 16337 spots for ../../data/projects/PRJNA293971/sra/SRR2467322/SRR2467322.sra
Written 16337 spots for ../../data/projects/PRJNA293971/sra/SRR2467322/SRR2467322.sra
Read 12949 spots for ../../data/projects/PRJNA293971/sra/SRR2467323/SRR2467323.sra
Written 12949 spots for ../../data/projects/PRJNA293971/sra/SRR2467323/SRR2467323.sra
Read 14229 spots for ../../data/projects/PRJNA293971/sra/SRR2467324/SRR2467324.sra
Written 14229 spots for ../../data/projects/PRJNA293971/sra/SRR2467324/SRR2467324.sra
Read 16155 spots for ../../data/projects/PRJNA293971/sra/SRR2467325/SRR2467325.sra
Written 16155 spots for ../../data/projects/PRJNA293971/sra/SRR2467325/SRR2467325.sra
Read 15411 spots for ../../data/projects/PRJNA293971/sra/SRR2467326/SRR2467326.sra
Written 15411 spots for ../../data/projects/PRJNA293971/sra/SRR2467326/SRR2467326.sra
Read 14956 spots for ../../data/projects/PRJNA293971/sra/SRR2467327/SRR2467327.sra
Written 14956 spots for ../../data/projects/PRJNA293971/sra/SRR2467327/SRR2467327.sra
Read 13800 spots for ../../data/projects/PRJNA293971/sra/SRR2467328/SRR2467328.sra
Written 13800 spots for ../../data/projects/PRJNA293971/sra/SRR2467328/SRR2467328.sra
Read 14931 spots for ../../data/projects/PRJNA293971/sra/SRR2467329/SRR2467329.sra
Written 14931 spots for ../../data/projects/PRJNA293971/sra/SRR2467329/SRR2467329.sra
Read 17573 spots for ../../data/projects/PRJNA293971/sra/SRR2467330/SRR2467330.sra
Written 17573 spots for ../../data/projects/PRJNA293971/sra/SRR2467330/SRR2467330.sra
Read 13776 spots for ../../data/projects/PRJNA293971/sra/SRR2467331/SRR2467331.sra
Written 13776 spots for ../../data/projects/PRJNA293971/sra/SRR2467331/SRR2467331.sra
Read 14906 spots for ../../data/projects/PRJNA293971/sra/SRR2467332/SRR2467332.sra
Written 14906 spots for ../../data/projects/PRJNA293971/sra/SRR2467332/SRR2467332.sra
Read 21647 spots for ../../data/projects/PRJNA293971/sra/SRR2467333/SRR2467333.sra
Written 21647 spots for ../../data/projects/PRJNA293971/sra/SRR2467333/SRR2467333.sra
Read 14878 spots for ../../data/projects/PRJNA293971/sra/SRR2467334/SRR2467334.sra
Written 14878 spots for ../../data/projects/PRJNA293971/sra/SRR2467334/SRR2467334.sra
Read 14599 spots for ../../data/projects/PRJNA293971/sra/SRR2467335/SRR2467335.sra
Written 14599 spots for ../../data/projects/PRJNA293971/sra/SRR2467335/SRR2467335.sra
Read 14208 spots for ../../data/projects/PRJNA293971/sra/SRR2467336/SRR2467336.sra
Written 14208 spots for ../../data/projects/PRJNA293971/sra/SRR2467336/SRR2467336.sra
Read 14528 spots for ../../data/projects/PRJNA293971/sra/SRR2467337/SRR2467337.sra
Written 14528 spots for ../../data/projects/PRJNA293971/sra/SRR2467337/SRR2467337.sra
Read 15427 spots for ../../data/projects/PRJNA293971/sra/SRR2467338/SRR2467338.sra
Written 15427 spots for ../../data/projects/PRJNA293971/sra/SRR2467338/SRR2467338.sra
[1] ‘1.16.0’
[1] "Thu Oct 23 21:08:14 2025 Filtering..."
[1] "Thu Oct 23 21:08:39 2025 Building forward error model..."
101756731 total bases in 294607 reads from 26 samples will be used for learning the error rates.
[1] "Thu Oct 23 21:15:40 2025 Plotting error models..."
null device 
          1 
Processing: SRR2467275 
Sample 1 - 12125 reads in 4932 unique sequences.
Processing: SRR2467276 
Sample 1 - 11578 reads in 5135 unique sequences.
Processing: SRR2467277 
Sample 1 - 10827 reads in 4993 unique sequences.
Processing: SRR2467278 
Sample 1 - 11598 reads in 5461 unique sequences.
Processing: SRR2467280 
Sample 1 - 12647 reads in 5715 unique sequences.
Processing: SRR2467281 
Sample 1 - 11546 reads in 4461 unique sequences.
Processing: SRR2467282 
Sample 1 - 12196 reads in 4977 unique sequences.
Processing: SRR2467283 
Sample 1 - 12375 reads in 5772 unique sequences.
Processing: SRR2467284 
Sample 1 - 12612 reads in 6028 unique sequences.
Processing: SRR2467285 
Sample 1 - 11188 reads in 4854 unique sequences.
Processing: SRR2467286 
Sample 1 - 10666 reads in 4242 unique sequences.
Processing: SRR2467287 
Sample 1 - 11595 reads in 4960 unique sequences.
Processing: SRR2467290 
Sample 1 - 10524 reads in 4692 unique sequences.
Processing: SRR2467291 
Sample 1 - 10675 reads in 4935 unique sequences.
Processing: SRR2467293 
Sample 1 - 12050 reads in 5229 unique sequences.
Processing: SRR2467294 
Sample 1 - 7220 reads in 2438 unique sequences.
Processing: SRR2467295 
Sample 1 - 11563 reads in 3937 unique sequences.
Processing: SRR2467296 
Sample 1 - 11554 reads in 4825 unique sequences.
Processing: SRR2467297 
Sample 1 - 12134 reads in 5272 unique sequences.
Processing: SRR2467298 
Sample 1 - 10890 reads in 4563 unique sequences.
Processing: SRR2467299 
Sample 1 - 11547 reads in 4876 unique sequences.
Processing: SRR2467300 
Sample 1 - 9545 reads in 4054 unique sequences.
Processing: SRR2467301 
Sample 1 - 12429 reads in 5133 unique sequences.
Processing: SRR2467302 
Sample 1 - 12386 reads in 4821 unique sequences.
Processing: SRR2467303 
Sample 1 - 8987 reads in 2968 unique sequences.
Processing: SRR2467304 
Sample 1 - 12150 reads in 4715 unique sequences.
Processing: SRR2467305 
Sample 1 - 11432 reads in 4519 unique sequences.
Processing: SRR2467306 
Sample 1 - 12885 reads in 5999 unique sequences.
Processing: SRR2467307 
Sample 1 - 12447 reads in 5472 unique sequences.
Processing: SRR2467308 
Sample 1 - 8604 reads in 3722 unique sequences.
Processing: SRR2467309 
Sample 1 - 11677 reads in 4621 unique sequences.
Processing: SRR2467310 
Sample 1 - 11561 reads in 4365 unique sequences.
Processing: SRR2467311 
Sample 1 - 11322 reads in 4447 unique sequences.
Processing: SRR2467312 
Sample 1 - 12488 reads in 5578 unique sequences.
Processing: SRR2467313 
Sample 1 - 12766 reads in 5444 unique sequences.
Processing: SRR2467314 
Sample 1 - 14123 reads in 5824 unique sequences.
Processing: SRR2467315 
Sample 1 - 16593 reads in 7171 unique sequences.
Processing: SRR2467316 
Sample 1 - 15125 reads in 6518 unique sequences.
Processing: SRR2467317 
Sample 1 - 14945 reads in 4665 unique sequences.
Processing: SRR2467318 
Sample 1 - 13434 reads in 5404 unique sequences.
Processing: SRR2467319 
Sample 1 - 14478 reads in 5506 unique sequences.
Processing: SRR2467320 
Sample 1 - 12586 reads in 5416 unique sequences.
Processing: SRR2467321 
Sample 1 - 15542 reads in 7317 unique sequences.
Processing: SRR2467322 
Sample 1 - 16334 reads in 7862 unique sequences.
Processing: SRR2467323 
Sample 1 - 12948 reads in 5669 unique sequences.
Processing: SRR2467324 
Sample 1 - 14227 reads in 6077 unique sequences.
Processing: SRR2467325 
Sample 1 - 16151 reads in 6978 unique sequences.
Processing: SRR2467326 
Sample 1 - 15409 reads in 6154 unique sequences.
Processing: SRR2467327 
Sample 1 - 14956 reads in 4897 unique sequences.
Processing: SRR2467328 
Sample 1 - 13800 reads in 4435 unique sequences.
Processing: SRR2467329 
Sample 1 - 14931 reads in 4394 unique sequences.
Processing: SRR2467330 
Sample 1 - 17568 reads in 8410 unique sequences.
Processing: SRR2467331 
Sample 1 - 13775 reads in 5726 unique sequences.
Processing: SRR2467332 
Sample 1 - 14905 reads in 6547 unique sequences.
Processing: SRR2467333 
Sample 1 - 21641 reads in 10624 unique sequences.
Processing: SRR2467334 
Sample 1 - 14876 reads in 6639 unique sequences.
Processing: SRR2467335 
Sample 1 - 14598 reads in 6033 unique sequences.
Processing: SRR2467336 
Sample 1 - 14208 reads in 6606 unique sequences.
Processing: SRR2467337 
Sample 1 - 14524 reads in 7033 unique sequences.
Processing: SRR2467338 
Sample 1 - 15424 reads in 6386 unique sequences.
[1] "Thu Oct 23 21:18:58 2025 Removed 0 ASVs for being too short."
[1] "Thu Oct 23 21:18:58 2025 Removing bimeras..."
[1] "Thu Oct 23 21:19:48 2025 Writing ASV table..."
[1] "Thu Oct 23 21:19:49 2025 ASVs recorded."
[1] "Thu Oct 23 21:19:49 2025 Writing output files..."
[1] "Calculating summary stats..."
[1] "Thu Oct 23 21:19:49 2025 Writing summary output..."
[1] "Thu Oct 23 21:19:49 2025 DONE!!!"
